2aff_B	Nifk	70.45	U	329	2	0	1	0
1zy8_A	Dld	95.36	N	3520	2	0	1	0
4neu_A	Ripk1	73.57	U	2251	1	0	1	3
2q2b_A	Acot7	100.00	U	1095	1	0	1	0
2dgr_A	Mex3d	85.54	E	621	1	0	1	0
3h3d_X	Pum2	78.64	U	2501	1	0	1	16
5de2_A	Nek7	94.84	E	2126	2	0	1	2
1jqi_A	Acads	98.45	U	2927	1	0	1	0
2e6v_A	Lman2	96.44	U	1960	1	0	1	4
4c2k_A	Acaa2	83.69	U	2925	1	0	1	0
1lyb_A	Ctsd	90.72	N	748	3	0	1	0
1wq1_G	Rasa1	97.90	E	2532	2	0	1	2
1h1w_A	Pdpk1	98.96	E	2295	1	0	1	1
3f31_A	Sptan1	97.99	U	1139	1	0	1	11
4ywq_A	Rc3h1	100.00	E	1186	1	0	1	3
1u7b_B	Fen1	100.00	N	104	2	0	1	0
1cdl_E	Mylk	95.00	U	156	2	0	1	0
1he3_A	Blvrb	81.55	E	1536	1	0	1	4
4dyo_A	Dnpep	87.22	E	3531	1	0	1	0
2efk_A	Trip10	90.70	U	2237	1	0	1	1
3elb_A	Pcyt2	94.13	E	2410	1	0	1	0
2zhj_A	Anxa4	93.79	U	2483	1	0	1	0
3ooi_A	Whsc1	75.86	N	1850	1	0	1	1
3rc3_A	Supv3l1	89.66	E	4856	1	0	1	1
5afu_J	Actr10	96.57	U	2841	22	1	1	0
3q2s_C	Cpsf6	94.76	U	731	2	0	1	0
2vx2_A	Echdc3	78.75	U	1936	1	0	1	0
3jax_C	Myl6	91.39	U	1160	3	1	1	0
3gni_A	Cab39	99.12	U	2762	2	0	1	0
1bjf_A	Hpcal1	89.64	E	1475	1	0	1	0
1lwd_A	Idh2	97.09	U	3285	1	0	1	0
3j9m_AR	Mrps22	78.06	N	2008	81	1	1	0
4afj_X	Peg12	86.67	E	188	2	0	1	0
3bbp_D	Gcc2	84.51	U	309	2	0	1	0
4nkn_A	Commd9	85.34	U	858	1	0	1	0
1psb_C	Stk38	100.00	E	227	2	0	1	0
3qij_A	Epb4.1l3	70.27	U	2119	1	0	1	4
4oti_A	Pkn2	78.30	U	2421	1	0	1	4
1t08_A	Ctnnb1	100.00	N	3890	3	0	1	0
1q7s_A	Ptrh2	87.18	E	888	1	0	1	0
4p42_A	Esyt2	94.30	U	3666	1	0	1	0
3jaj_o	Rpl36al	100.00	N	851	83	0	0	0
4zi8_A	Pcdhgc3	94.31	U	2389	1	0	1	0
2g45_A	Usp5	99.22	U	900	2	0	1	0
5aiz_A	Zmiz1	94.35	U	870	1	0	1	0
3zje_A	Tnfaip3	94.54	E	2659	1	0	1	2
2wef_A	Bpnt1	89.71	U	2311	1	0	1	1
2q3z_A	Tgm2	83.84	E	5186	2	0	1	0
4b2q_T	Atp5f1	86.82	N	1077	10	0	1	0
1jeq_A	Xrcc6	83.09	U	4419	2	0	1	0
2lxm_A	Vta1	99.40	E	1319	2	0	1	0
4l9c_A	Fbxo7	73.75	E	1181	1	0	1	1
3jaj_Sg	Gnb2l1	100.00	U	2436	83	0	0	0
1uk5_A	Bag3	89.19	E	829	1	0	1	0
3nr5_A	Maf1	95.12	E	1290	1	0	1	0
1de4_C	Tfrc	77.97	N	5022	3	0	1	0
5ara_S	Atp5o	80.53	N	669	11	0	1	0
1avc_A	Anxa6	91.53	U	5108	1	0	1	1
4g5r_E	Gpsm2	100.00	E	179	2	0	1	0
2c46_A	Rngtt	86.72	U	1587	1	0	1	4
4wqo_C	Tceb1	100.00	U	739	4	0	1	0
3qwm_A	ENSMUSP00000140030	97.14	E	1035	1	0	1	0
4hre_A	Anxa2	100.00	U	2705	3	0	1	0
2dgw_A	Rbm19	78.02	N	701	1	0	1	4
2iik_A	Acaa1a	82.78	N	2755	1	0	1	0
4wlr_B	Adrm1	100.00	E	726	3	0	1	0
3ltl_A	Arfgef2	84.83	E	1546	1	0	1	2
3jc1_Aa	Ist1	100.00	U	1466	2	0	1	0
2dal_A	Ubxn7	79.03	U	412	1	0	1	2
2aka_B	Dnm1	100.00	E	2329	3	0	1	0
2lxp_C	Amfr	100.00	E	447	3	0	1	0
2h63_A	Blvra	82.53	E	2140	1	0	1	3
1xo2_B	Cdk6	97.40	E	2240	2	0	1	0
3unf_H	Psmb10	100.00	U	1619	14	0	1	0
2rpa_A	Katna1	94.87	N	642	1	0	1	0
4v6x_Ch	Gm2000	98.37	U	1023	82	0	0	0
3t6a_A	Bcar3	83.78	E	2448	1	0	1	0
2la6_A	Taf15	75.76	U	774	1	0	1	1
4usl_D	Sri	100.00	U	43	2	0	1	0
4qgk_A	Aldh3a2	85.68	E	3672	1	0	1	0
2f2u_A	Rock2	98.51	U	3118	1	0	1	1
1q9s_A	Rfk	92.62	U	1192	1	0	1	3
3shw_A	Tjp1	99.79	E	2694	2	0	1	0
2axy_A	Pcbp3	87.67	E	550	1	0	1	0
4gnk_A	Gnaq	100.00	U	2794	2	0	1	0
5cqr_A	Ikbkap	81.99	U	3595	1	0	1	0
3ee6_A	Tpp1	87.04	U	4082	1	0	1	1
2dam_A	Faf2	73.13	U	514	1	0	1	0
4nnr_A	Fkbp2	95.07	U	792	1	0	1	1
4kit_B	Snrnp200	99.60	U	13846	2	0	1	3
2rq1_A	Epb4.1l1	71.56	E	870	1	0	1	3
1gz4_A	Me2	90.56	N	4350	1	0	1	0
1jmt_A	U2af1	99.04	U	806	2	0	1	0
3jyu_A	Usp4	99.13	U	1780	1	0	1	0
2l6w_A	Pdgfrb	94.87	N	312	1	0	1	0
3iv1_A	Tsg101	96.15	U	630	1	0	1	0
3ueo_A	Topbp1	78.33	E	1429	2	0	1	5
2ckh_B	Sumo3	100.00	U	633	2	0	1	0
4chl_A	Ethe1	90.76	U	1794	1	0	1	0
1q8k_A	Eif2s1	95.13	U	2425	1	0	1	1
4ftg_A	S100a10	91.67	U	733	3	0	1	0
5hda_A	Zmynd11	94.35	N	990	2	0	1	1
1ii6_A	Kif11	95.65	U	2663	1	0	1	4
3n9u_C	Cpsf7	84.62	U	745	2	0	1	0
1ptq_A	Prkcd	100.00	N	402	1	0	1	0
2ekf_A	Aup1	77.05	U	441	1	0	1	0
2k9u_B	Fblim1	100.00	E	186	2	0	1	0
4j8c_A	St13	95.65	E	358	1	0	1	0
4b1y_M	Phactr4	81.25	E	262	2	0	1	0
3i3n_A	Klhl11	97.13	E	2169	1	0	1	0
1a4i_A	Mthfd1	90.70	U	2159	1	0	1	0
2pzd_A	Htra2	82.30	U	839	1	0	1	1
1ufw_A	Synj2	83.16	E	694	1	0	1	0
2l6l_A	Dnajc24	80.00	E	1257	1	0	1	1
2ejy_A	Mpp1	85.57	U	662	2	0	1	2
1wic_A	Mospd2	92.11	U	1141	1	0	1	0
4nge_A	Pitrm1	86.69	N	7896	3	0	1	0
3edl_D	Kif2a	77.34	U	2368	3	1	1	1
5afq_A	Polr3c	93.82	U	3511	2	0	1	0
2kxn_B	Tra2b	73.64	U	770	1	0	1	3
2c3n_A	Gstt3	73.28	U	1922	1	0	1	0
3iy9_M	Mrpl22	97.27	N	110	19	0	1	0
4x3o_A	Sirt2	90.13	U	2371	2	0	1	0
4xbn_A	Lgals3	77.85	U	1108	1	0	1	33
2rqh_A	Gspt1	100.00	E	167	2	0	1	0
1z22_A	Rab23	98.81	E	1234	1	0	1	1
2vag_A	Clk1	92.92	U	2638	1	0	1	1
3zha_A	Serpinh1	94.90	U	2981	2	0	1	0
1q4g_A	Ptgs1	89.51	N	4492	1	0	1	0
3v42_A	Flcn	91.15	E	1540	1	0	1	0
1qmv_A	Prdx2	93.40	E	1544	1	0	1	0
2pid_A	Yars2	85.67	N	2525	1	0	1	0
4fi9_A	Sun2	95.90	U	1486	2	0	1	1
1xb2_A	Tufm	96.82	U	2856	2	0	1	0
1hn3_A	Cdkn2a	92.50	U	333	1	0	1	0
2h00_A	Mettl16	97.64	U	1801	1	0	1	0
2ery_A	Rras2	99.42	U	1343	1	0	1	0
4o1l_A	Adk	91.62	E	2549	1	0	1	0
4rdn_A	Ythdf3	78.44	E	1213	1	0	1	4
4pyp_A	Slc2a1	94.44	U	3469	1	0	1	0
2cqk_A	Larp4	86.14	U	782	1	0	1	0
1fsu_A	Arsb	80.89	N	3811	1	0	1	0
4pvf_A	Shmt2	95.03	U	3561	1	0	1	0
2k5b_B	Cdc37	96.12	E	1087	2	0	1	0
2voi_B	Bid	100.00	E	180	2	0	1	0
2igp_A	Ndc80	86.67	U	927	1	0	1	0
3dw8_B	Ppp2r2a	99.78	U	3429	4	0	1	0
3ah8_B	Gnb1	100.00	U	2530	4	0	1	0
1zy7_A	Adarb1	95.29	U	2961	1	0	1	5
3hw2_B	Plekhm2	94.29	E	809	2	0	1	0
1ooz_A	Oxct1	93.26	N	3532	1	0	1	0
2qc7_A	Erp29	86.25	U	1763	1	0	1	3
1xqs_C	Hspa1a	97.38	U	1316	2	0	1	0
3lll_A	Pacsin2	100.00	U	2386	1	0	1	0
1o9s_A	Setd7	94.21	E	1954	2	0	1	3
2gk9_A	Pip4k2c	95.92	U	2023	1	0	1	0
4yoe_A	Hnrnpa3	78.64	U	1417	1	0	1	15
3ow8_A	Wdr61	92.21	U	2158	1	0	1	0
3ztg_A	Rbbp6	94.57	E	709	1	0	1	0
5a5t_L	Eif3l	98.23	N	3110	8	0	1	0
1wwy_A	Txnl1	90.64	U	1336	1	0	1	1
1xx4_A	Eci1	88.51	U	2006	1	0	1	0
2wul_A	Glrx5	93.22	E	815	1	0	1	0
4g5q_A	Gnai2	88.18	U	2542	2	0	1	0
2hyi_A	Magoh	100.00	U	1196	4	0	1	0
5bs7_E	Spty2d1	71.30	U	521	3	0	1	0
1u7v_A	Smad2	100.00	E	1574	2	0	1	0
4uae_A	Kpna4	99.29	U	3219	2	0	1	0
3s9g_A	Hexim1	95.19	U	648	1	0	1	0
2znv_A	Stambpl1	89.33	E	1350	1	0	1	1
3um1_A	Brox	92.29	E	2988	2	0	1	0
4pjw_A	Stag2	99.49	U	7371	2	0	1	0
1qdu_B	Casp8	84.09	E	659	3	0	1	0
4cbu_G	Gsn	98.43	E	996	2	0	1	2
3aih_A	Os9	92.74	E	909	1	0	1	0
3i2v_A	Mocs3	79.53	U	960	1	0	1	0
1eem_A	Gsto1	72.20	N	1906	1	0	1	0
2f6j_A	Bptf	93.68	U	1386	2	0	1	1
1t9g_S	Etfb	92.16	N	1673	3	0	1	0
1uaw_A	Msi2	76.62	E	614	1	0	1	2
3ryt_A	Plxna1	100.00	U	3954	2	0	1	0
4lir_A	Nup35	94.02	N	611	1	0	1	0
1cyn_A	Ppib	96.07	U	1389	2	0	1	0
5a1v_D	Copb2	100.00	U	3211	8	1	1	0
1ef3_A	Akr1b8	70.16	E	2513	1	0	1	115
2ll2_A	Gja1	84.62	U	191	1	0	1	1
2j0m_B	Ptk2	98.91	E	2061	2	0	1	1
2dgy_A	Eif1ad	82.88	U	872	1	0	1	0
4y97_A	Pola2	83.28	N	3439	2	0	1	0
5a7r_A	Parg	92.66	E	4097	1	0	1	14
2kso_B	Inppl1	76.32	E	474	2	0	1	3
3von_A	Otub1	99.12	U	1731	3	0	1	0
1or8_A	Prmt1	100.00	U	2506	2	0	1	0
1nxc_A	Man1a	100.00	U	3693	1	0	1	0
3puk_A	Stxbp3	100.00	E	4213	2	0	1	0
2xeq_A	Patl1	94.14	U	1925	1	0	1	2
3cwz_A	Rab6a	99.47	U	1319	2	0	1	1
4cn0_A	Ahnak2	81.44	U	685	1	0	1	0
5bnx_A	H3f3a	100.00	U	616	4	0	1	0
4yc6_A	Cdk1	96.97	U	2303	2	0	1	0
4bxu_A	Pex14	88.41	U	513	2	0	1	0
2gjy_A	Tns3	71.53	U	1100	1	0	1	1
2l3l_A	Tbcc	79.28	E	926	1	0	1	1
5aj4_AK	Mrps11	86.76	N	995	83	1	1	0
2mdr_A	Adar	76.99	U	736	1	0	1	1
4jo7_A	Nupl1	97.75	E	704	2	0	1	0
2k2r_A	Parva	100.00	U	1060	2	0	1	0
3ozz_B	Cyb5a	79.27	U	666	1	0	1	41
3gv3_A	Cxcl12	100.00	U	498	1	0	1	0
4bvx_B	Eef1e1	87.72	E	1363	2	0	1	1
4bxf_A	Mina	77.15	U	3331	2	0	1	0
1k62_A	Asl	93.53	U	3525	1	0	1	0
3l8n_A	Arfgef1	90.10	E	1300	1	0	1	2
3q1j_A	Phf20	98.48	U	549	1	0	1	0
3cpf_A	Eif5a	99.28	U	1004	1	0	1	0
5a1v_Q	Cope	100.00	E	1169	8	1	1	0
3l51_B	Smc4	95.18	N	1324	2	0	1	0
2c1m_B	Nup50	100.00	U	378	2	0	1	0
2qq5_A	Dhrs1	85.77	U	1748	1	0	1	0
4pjo_L	Snrpc	100.00	U	448	9	0	1	0
4gnl_A	Pck2	70.64	N	4748	1	0	1	29
3hl4_A	Pcyt1a	99.15	E	1413	1	0	1	0
2q4r_A	Pmm2	89.02	U	1943	1	0	1	1
3llu_A	Rragc	90.82	E	1434	1	0	1	0
3cx7_A	Gna13	99.70	U	2635	2	0	1	0
2c6y_A	Foxk2	87.39	E	818	1	0	1	3
1t3j_A	Mfn1	77.08	E	513	1	0	1	0
2y38_A	Lama5	96.28	U	2640	1	0	1	0
4v6x_Cz	Rpl10a	100.00	N	1741	82	0	0	0
2hvd_A	Nme1	94.08	U	1198	1	0	1	0
4v6x_Az	Eef2	99.07	U	6673	82	0	0	0
2e9k_A	Mical2	88.43	U	953	1	0	1	0
2hei_A	Rab5b	98.88	U	1273	1	0	1	0
2vcy_A	Mecr	85.76	U	2528	1	0	1	0
4moy_B	Ppp1r10	93.18	U	279	2	0	1	0
1use_A	Vasp	86.67	E	333	1	0	1	1
4nt4_A	Csnk1g1	76.92	U	2335	1	0	1	11
3p5j_A	Rnaseh2a	100.00	U	1995	3	0	1	0
1hl3_A	Ctbp1	97.21	E	2561	2	0	1	0
4jon_A	Cep170	97.64	E	986	1	0	1	0
1w73_A	Decr1	84.44	U	2153	1	0	1	0
4v6x_Cu	Rplp2	99.13	U	419	82	0	0	0
2i91_A	Trove2	75.84	U	4108	1	0	1	2
4dhj_C	Ube2n	100.00	U	1179	3	0	1	0
2qg0_A	Hsp90ab1	91.79	U	1627	1	0	1	8
2f4w_A	Ube2j2	94.65	U	1196	1	0	1	0
4qu6_A	Grsf1	93.46	U	805	1	0	1	2
3jag_a	Rpl27a	99.32	N	1162	80	0	0	0
2eoc_A	Parp3	73.39	N	1016	1	0	1	15
3jaj_X	Rpl23a	100.00	N	976	83	0	0	0
2lb2_A	Nedd4l	100.00	U	292	2	0	1	0
3jaj_SL	Rps11	100.00	N	1238	83	0	0	0
2x8a_A	Nvl	89.42	U	1705	1	0	1	1
2ohf_A	Ola1	99.49	E	2639	1	0	1	0
5c1b_A	Vcp	100.00	U	5678	2	0	1	0
4gpz_A	Pgam1	96.56	E	1950	1	0	1	0
4bum_X	Vdac1	75.43	U	2119	1	0	1	4
3uip_A	Ube2i	100.00	E	1266	4	0	1	0
4owt_A	Ints3	98.71	N	3738	3	0	1	0
1z83_A	Ak1	85.71	E	1501	1	0	1	1
4d0g_A	Rab14	98.29	E	1288	2	0	1	0
2d9x_A	Osbpl11	87.50	U	937	1	0	1	0
5fai_A	Emg1	89.66	E	1589	1	0	1	0
1vsc_A	Vcam1	72.96	N	1528	1	0	1	2
2jy6_B	Ubqln4	78.85	U	396	2	0	1	1
4hlq_B	Rab1b	97.71	U	1322	2	0	1	0
2qkd_A	Zpr1	97.52	E	3021	1	0	1	0
4wy4_A	Vamp8	98.44	N	529	4	0	1	0
3j04_B	Myl12a	93.71	N	1160	3	0	1	0
5f1b_C	Npc1	85.55	U	1728	3	0	1	0
3qnw_B	Casp6	94.00	E	715	3	0	1	0
2dmh_A	Myof	85.00	N	1056	1	0	1	1
3vhl_A	Dock7	73.96	U	2188	2	0	1	0
3jaj_SC	Rps2	95.87	E	1690	83	0	0	0
3woy_A	Clasp1	80.48	U	1954	1	0	1	2
1h96_A	Ftl1	100.00	N	1340	1	0	1	0
1nhl_A	Snap23	94.44	U	433	1	0	1	0
2ok3_A	Ppil3	98.14	E	1267	1	0	1	1
2k6n_A	Svil	92.54	U	542	1	0	1	1
3jaj_Sb	Rps27rt	100.00	N	651	83	0	0	0
5a9q_8	Nup85	91.62	N	2153	10	1	1	0
1cc0_A	Rhoa	99.47	U	1415	2	0	1	2
2ewb_A	Lap3	91.15	U	3712	1	0	1	0
1mhq_A	Gga2	94.59	E	1164	1	0	1	0
4qei_A	Gars	93.49	E	4232	1	0	1	0
3dj5_A	Aurka	96.69	E	2077	1	0	1	2
2z9s_A	Prdx1	96.48	U	1546	1	0	1	0
2yu0_A	Ifi204	85.11	U	733	1	0	1	0
2pl3_A	Ddx10	96.61	U	1814	1	0	1	0
2uu7_A	Glul	92.91	U	2933	1	0	1	0
4v2c_A	Flrt2	100.00	U	2563	2	0	1	0
5flm_B	Polr2b	99.83	N	9062	12	0	1	0
3p5j_C	Rnaseh2c	100.00	U	842	3	0	1	0
4xeo_A	Aars	91.58	U	3032	1	0	1	0
3p8p_A	Ddah1	86.36	N	2056	1	0	1	12
1zdn_A	Ube2s	98.10	E	1187	1	0	1	0
2aka_B	Dnm2	87.29	E	2329	3	0	1	1
4p0v_A	Fdps	84.73	U	2806	1	0	1	0
2krb_A	Eif3b	97.53	N	650	2	0	1	1
4gn1_A	Raph1	98.04	E	2088	1	0	1	1
1by2_A	Lgals3bp	71.43	N	832	1	0	1	0
1gl4_B	Hspg2	94.90	U	679	2	0	1	0
1iwq_B	Marcks	100.00	E	142	2	0	1	0
2qag_B	Sept11	77.99	U	1369	3	0	1	0
4c0s_A	Eef1a1	92.01	U	3470	1	0	1	0
1ddm_A	Numb	73.33	U	1064	2	0	1	2
2yre_A	Fbxo30	80.00	E	735	1	0	1	0
3u5o_A	Trim33	96.62	U	1530	2	0	1	0
2gj4_A	Pygb	85.32	N	6532	1	0	1	0
4n4a_A	Cmtr1	92.29	U	3199	1	0	1	1
2d8z_A	Fhl2	75.71	U	527	1	0	1	3
2y43_A	Rad18	90.91	U	713	1	0	1	0
4ln0_C	Vgll4	93.10	U	386	2	0	1	0
4ui9_R	Fzr1	98.38	U	3003	18	0	1	0
4i6j_C	Skp1a	99.39	U	1044	3	0	1	0
3l4c_A	Dock1	89.55	U	1424	1	0	1	1
1s70_B	Ppp1r12a	95.65	U	2270	2	0	1	0
4ztd_A	Pcna	97.23	N	1947	3	0	1	0
5aj0_AI	Rpl10	100.00	N	1692	79	0	0	0
2ybb_A	Uqcrc1	87.67	N	3403	37	1	1	0
1p4r_A	Atic	91.05	U	4453	1	0	1	0
1tl9_A	Capn1	94.69	N	2587	2	0	1	0
3siv_B	Prpf31	98.43	U	1860	2	0	1	0
1wjv_A	Lyar	83.54	E	581	1	0	1	0
4xw3_A	Ddx1	92.31	U	1485	1	0	1	0
2ain_A	Mllt4	98.92	E	667	2	0	1	0
2v9t_A	Robo2	83.76	E	832	2	0	1	3
4l6y_A	Prc1	83.88	U	3371	1	0	1	2
4b7t_A	Gsk3b	100.00	E	2795	2	0	1	0
2ibu_A	Acat1	86.58	N	2873	1	0	1	0
4qkv_A	Ptrf	100.00	N	767	1	0	1	0
2lnk_C	Myh9	92.31	U	314	2	0	1	0
2zjg_A	Ccbl2	100.00	U	3268	1	0	1	0
4ci8_A	Eml1	96.64	U	4936	1	0	1	0
4jvh_A	Qk	99.52	U	1412	1	0	1	0
2m9a_A	Zfp91	91.84	E	724	1	0	1	0
5a31_F	Cdc27	96.84	U	3923	18	0	1	0
2yst_A	Pcdh7	93.28	U	918	1	0	1	0
1lj2_C	Eif4g1	100.00	U	159	2	0	1	0
3l4g_B	Farsb	93.72	U	4651	2	0	1	0
3zjy_B	Ipo13	99.17	E	6210	3	0	1	0
3jaj_N	Rpl15	100.00	N	1701	83	0	0	0
1mzw_B	Prpf4	96.77	U	242	2	0	1	0
5a9q_2	Nup37	91.10	U	1566	10	1	1	0
1xi4_A	Cltc	99.82	U	1630	2	0	0	0
2o2p_A	Aldh1l2	76.79	N	3824	1	0	1	0
2z1b_A	Alad	99.70	N	2230	1	0	1	0
4rr2_A	Prim1	90.48	N	3267	2	0	1	0
4tkn_A	Snx17	97.90	U	2075	2	0	1	0
2hyi_D	Casc3	100.00	E	485	4	0	1	0
5ccx_A	Trmt61a	91.35	U	2167	2	0	1	0
2nn6_D	Exosc5	88.61	U	1534	9	0	1	0
1qcr_B	Uqcrc2	85.11	N	423	11	0	1	0
3cyn_A	Gpx8	71.96	U	1411	1	0	1	1
1wxb_A	Eps8l2	77.94	E	516	1	0	1	1
3jaj_SS	Rps18	100.00	U	1139	83	0	0	0
2jkr_M	Ap2m1	100.00	U	3288	5	0	1	0
4acj_A	Oxr1	77.84	U	1331	1	0	1	0
2fue_A	Pmm1	95.04	U	1973	1	0	1	0
3ch5_B	Nup153	100.00	U	277	2	0	1	0
3bzh_A	Ube2e1	98.45	U	1236	1	0	1	0
5anr_C	Eif4enif1	95.45	E	156	3	0	1	0
5aj4_BP	Mrpl15	91.22	N	2283	83	1	1	0
4pj1_A	Hspd1	92.65	U	3918	2	0	1	0
2fc9_A	Ncl	73.27	U	758	1	0	1	6
1k0u_A	Ahcy	98.84	U	3319	1	0	1	0
3qhe_B	Khdrbs1	94.55	N	86	2	0	1	0
2g76_A	Phgdh	91.94	U	2205	1	0	1	0
2cly_B	Gm10250	80.62	N	969	3	0	1	0
2y1w_A	Carm1	100.00	U	2752	1	0	1	0
1axn_A	Anxa3	89.47	U	2556	1	0	1	1
1wmh_A	Prkci	93.26	U	678	2	0	1	4
3ihw_A	Agap3	90.22	E	1275	1	0	1	0
1osc_A	Cuta	99.21	E	844	1	0	1	0
1jkw_A	Ccnh	91.33	E	2248	1	0	1	0
1t6n_A	Ddx39b	99.09	U	1654	1	0	1	0
2ot3_B	Rab21	98.24	U	1209	2	0	1	0
2l75_A	Chd4	91.80	U	432	2	0	1	1
4c0o_C	Srsf1	100.00	U	775	2	0	1	0
2dvw_B	Psmc4	98.80	U	589	2	0	1	0
4bws_B	Pqbp1	100.00	E	167	3	0	1	0
4wsn_F	Cops6	96.07	N	2263	8	1	1	1
4d0g_C	Rab11fip1	94.20	E	368	2	0	1	0
2uyy_A	Glyr1	92.72	N	2178	1	0	1	0
2f31_B	Diap3	100.00	U	146	2	0	1	0
3u21_A	Nfrkb	96.85	U	872	1	0	1	0
2gjs_A	Rrad	93.18	U	1146	1	0	1	4
2ipx_A	Fbll1	87.12	E	1715	1	0	1	0
2f6r_A	Coasy	95.73	E	1767	1	0	1	0
4cgw_A	Rpap3	82.91	U	872	2	0	1	0
2dnl_A	Cpeb4	85.96	U	875	1	0	1	3
1szi_A	Plin3	100.00	U	1512	1	0	1	0
4l41_C	B4galt1	86.76	U	2216	2	0	1	0
4ern_A	Ercc3	98.27	U	1850	1	0	1	0
2as5_F	Foxp4	87.10	E	707	2	0	1	1
5adz_A	Agps	89.82	U	4458	1	0	1	0
5aj4_BO	Mrpl14	87.59	U	889	83	1	1	0
2zj3_A	Gfpt1	97.87	U	2858	1	0	1	0
4ui9_X	Anapc7	97.35	N	3770	18	0	1	0
3cqx_C	Bag2	94.32	U	631	2	0	1	0
1u6g_C	Cand1	99.43	E	8904	3	0	1	0
1ufz_A	Hbs1l	85.54	E	628	1	0	1	0
4z1i_A	Trap1	91.63	U	2911	1	0	1	3
2xsx_A	Eno3	97.24	U	3287	1	0	1	0
2hdh_A	Hadh	89.42	U	2249	1	0	1	0
2mz1_A	Raly	73.33	U	791	1	0	1	2
4yii_U	Ube2c	96.13	E	1132	2	0	1	0
2ayo_A	Usp14	96.53	E	2810	2	0	1	0
3zfd_A	Kif4	98.01	U	2516	1	0	1	1
3tei_B	Rps6ka1	100.00	E	133	2	0	1	0
4af3_D	Incenp	83.10	N	338	2	0	1	0
3j9m_7	Mrpl39	84.91	N	2158	81	1	1	0
3jaj_SP	Rps15	100.00	N	805	83	0	0	0
1fo9_A	Mgat1	93.10	E	2719	1	0	1	6
4goe_A	Sgta	90.38	E	402	1	0	1	1
2wjv_A	Upf1	99.38	U	6094	2	0	1	0
1oai_A	Nxf1	98.31	U	476	2	0	1	0
4wk4_A	Itga5	91.56	N	3387	3	0	1	0
2crj_A	Hmg20b	86.96	E	740	1	0	1	0
2pg1_I	Dync1i2	100.00	U	216	3	0	1	0
3lcp_A	Lman1	90.69	U	1835	2	0	1	2
2fb7_A	Lsm14b	74.74	E	637	1	0	1	1
2ib1_A	Nradd	100.00	E	697	1	0	1	0
1ckj_A	Csnk1d	100.00	U	2419	1	0	1	0
2ybb_E	Uqcrfs1	96.94	U	1519	37	1	1	0
4mfu_A	Ctnnbl1	96.73	U	3917	1	0	1	1
1si2_A	Ago2	86.58	U	977	1	0	1	23
3jag_f	Rpl35a	100.00	U	876	80	0	0	0
4cby_A	Hdac7	72.66	U	2823	1	0	1	6
3ctz_A	Xpnpep1	95.35	U	4871	1	0	1	0
4wsq_A	Bmp2k	74.76	U	2445	1	0	1	2
4atx_C	Kif5b	99.71	U	2438	3	0	1	0
2abj_A	Bcat1	84.70	N	2892	1	0	1	0
4ifs_A	Ssrp1	96.71	N	1883	1	0	1	0
3l51_A	Smc2	100.00	U	1216	2	0	1	0
3ga1_A	Nacc1	92.25	U	888	1	0	1	0
4eto_A	S100a4	93.55	E	706	2	0	1	0
2bdu_A	Nt5c3	96.30	U	2326	1	0	1	1
3gq2_A	Uso1	97.39	U	4807	1	0	1	0
3t5x_A	Pcid2	94.09	U	1601	2	0	1	0
1x5e_A	Tmx1	84.13	U	1017	1	0	1	0
4flb_A	Rprd2	96.53	U	1057	1	0	1	0
3tjz_B	Copg2	85.07	N	2069	3	0	1	0
2o8e_B	Msh6	88.65	N	7465	2	0	1	0
2kbx_B	Lims1	100.00	E	555	2	0	1	0
3nnh_A	Celf1	97.73	U	692	1	0	1	4
4pjw_A	Stag1	78.90	N	7371	2	0	1	0
3fe2_A	Ddx17	82.64	E	1848	1	0	1	1
3o2q_A	Sympk	92.59	N	2506	2	0	1	3
3swk_A	Vim	98.84	N	725	1	0	1	0
4z4p_A	Kmt2d	92.77	E	1335	1	0	1	0
3n8e_A	Hspa9	87.36	U	1213	1	0	1	1
2rt5_A	Spen	99.41	U	1296	2	0	1	0
1ivh_A	Ivd	91.12	U	2960	1	0	1	0
2khz_A	Dnph1	92.12	E	1251	1	0	1	0
3dl2_A	Uevld	80.53	U	2154	1	0	1	0
2x7n_B	Eif6	75.45	U	1693	3	0	1	0
2ep8_A	Pes1	87.00	U	793	1	0	1	0
3gzn_B	Uba3	99.14	N	3311	3	0	1	0
3eh2_A	Sec24c	96.87	U	5946	1	0	1	0
4r1f_A	Top2a	96.75	U	2955	1	0	1	0
2hye_C	Cul4a	95.13	U	5899	4	0	1	0
1xhn_A	Creg1	73.37	U	1347	1	0	1	0
2cpe_A	Ewsr1	88.50	E	845	1	0	1	0
4wlr_A	Uchl5	100.00	E	2391	3	0	1	0
3b6u_A	Kif3b	94.62	E	2456	1	0	1	0
2k1r_B	Atox1	85.29	N	514	2	0	1	0
5bnx_C	Mcm2	71.43	N	431	4	0	1	0
4q93_A	Yars	95.70	E	2636	1	0	1	0
2crf_A	Ranbp3	86.00	E	1148	1	0	1	2
1pgn_A	Pgd	92.12	U	3654	1	0	1	2
3hnd_A	Rrm1	97.60	N	5720	1	0	1	0
1r4m_I	Nedd8	100.00	E	600	3	0	1	0
1wk0_A	Fndc3a	75.18	U	1023	1	0	1	5
4z9a_A	Acp1	76.83	E	1230	1	0	1	13
2mse_D	Araf	98.63	U	569	3	0	1	0
3hpb_A	Snx5	98.76	N	1242	1	0	1	1
1xi4_J	Clta	98.57	U	70	2	0	0	0
1x62_A	Pdlim1	79.75	U	595	1	0	1	1
2i32_E	Hira	82.46	E	170	2	0	1	0
1wyn_A	Cnn2	91.10	U	1106	1	0	1	0
3jaj_SW	Rps15a	100.00	N	1034	83	0	0	0
2w1v_A	Nit2	100.00	U	2124	1	0	1	0
4jzl_A	Bcap31	80.88	U	505	1	0	1	0
4yi0_A	Pom121	96.67	U	206	2	0	1	0
4ffx_A	Adsl	93.22	U	3653	1	0	1	0
1iip_A	Ppid	91.62	E	2275	1	0	1	1
3s4w_B	Fancd2	99.77	U	9165	2	0	1	0
1kkq_E	Ncor2	100.00	U	145	2	0	1	0
1stf_I	Cstb	76.53	U	765	2	0	1	0
4qxa_A	Rab9	89.90	U	1388	2	0	1	3
1z9o_A	Vapa	96.88	U	948	2	0	1	0
2jtt_C	Cacybp	88.57	U	254	2	0	1	1
4pjo_A	Snrpd3	100.00	N	657	9	0	1	0
2gyt_A	Dlc1	78.95	U	625	1	0	1	2
1jdp_A	Npr3	93.20	E	3130	2	0	1	0
4edu_T	Hist1h2al	100.00	E	63	2	0	1	0
1mld_A	Mdh2	95.54	U	2309	1	0	1	0
3q90_A	G3bp1	98.57	U	975	1	0	1	0
3unb_D	Psma5	100.00	N	1778	14	0	1	0
2fts_A	Gphn	100.00	E	3194	2	0	1	0
4v5z_Bf	Rpl7a	100.00	N	920	50	0	0	0
4n6j_A	Strn	86.00	U	402	1	0	1	0
1fxw_A	Pafah1b3	94.83	E	1681	2	0	1	0
2dj0_A	Tmx2	87.59	U	1094	1	0	1	0
2xc7_A	Phax	91.35	U	829	1	0	1	0
1frt_A	Fcgrt	90.71	U	2138	3	0	1	0
5a1v_F	Copz1	100.00	N	555	8	1	1	0
3jag_MM	Rps12	100.00	U	958	80	0	0	0
1c39_A	M6pr	86.18	U	1203	1	0	1	0
1xb7_A	Esrra	92.71	E	1667	2	0	1	0
3hei_A	Epha2	94.83	N	1399	2	0	1	0
1mc5_A	Adh5	93.05	N	2772	1	0	1	0
4ath_A	Tfe3	80.72	E	650	1	0	1	0
3egd_A	Sec23b	84.95	U	5645	4	0	1	0
1wou_A	Txndc17	80.49	E	947	1	0	1	1
3i00_A	Hip1	87.50	E	628	1	0	1	0
5a4p_A	Ube2z	99.44	U	1835	1	0	1	0
4o2w_A	Herc1	94.31	U	2672	1	0	1	1
2och_A	Dnaja1	72.60	U	534	1	0	1	2
1x4v_A	Zfand2b	71.43	E	475	1	0	1	0
5a5t_A	Eif3a	92.80	U	4935	8	0	1	0
3ahq_A	Ero1l	88.60	N	2973	1	0	1	1
4ct7_B	Rqcd1	100.00	N	2128	2	0	1	0
3o71_A	Mapk1	100.00	U	2759	2	0	1	0
4v0w_A	Ppp1cc	99.66	E	2380	2	0	1	0
4fdd_A	Tnpo2	86.15	U	6652	2	0	1	0
2yu4_A	Nsmce2	70.21	U	739	1	0	1	0
4pzo_A	Phc3	80.49	U	564	1	0	1	0
2jgn_A	Ddx3y	87.57	U	1205	1	0	1	5
1wmg_A	Unc5b	87.38	U	700	1	0	1	1
2qh7_A	Cisd1	88.16	N	513	1	0	1	0
2ell_A	Anp32a	75.60	U	1318	1	0	1	5
1mv0_B	Bin1	97.53	E	658	2	0	1	0
3p0c_A	Nisch	74.62	U	888	1	0	1	0
5aj4_Bg	Mrpl43	86.16	U	1153	83	1	1	0
1wh8_A	Cux1	72.97	E	848	1	0	1	2
1qx4_A	Cyb5r3	75.18	U	2113	1	0	1	2
4fvf_A	Stom	100.00	U	891	1	0	1	0
3ihl_A	Ctps2	92.55	E	1813	1	0	1	0
2d87_A	Smtn	76.56	E	1021	1	0	1	0
1x61_A	Trip6	79.17	E	506	1	0	1	1
4mh3_A	Prdx3	81.36	U	1294	1	0	1	0
4bx9_C	Vps16	92.93	U	766	2	0	1	0
3s6n_2	Gemin2	90.71	E	1515	7	0	1	0
4q6r_A	Sgpl1	84.15	N	3449	1	0	1	0
2i50_A	Usp16	87.30	U	981	1	0	1	0
3eg5_A	Cdc42	100.00	E	1391	2	0	1	0
1re0_A	Arf4	83.54	U	1304	2	0	1	1
1xb2_B	Tsfm	86.25	U	2108	2	0	1	0
1dh3_A	Atf1	90.91	E	467	1	0	1	0
4at7_A	Ilf2	99.45	N	2545	2	0	1	0
1egw_A	Mef2d	96.10	E	573	1	0	1	0
1tt5_E	Ube2m	100.00	U	108	3	0	1	0
3a6p_A	Xpo5	87.71	N	8570	3	0	1	0
1a9n_A	Snrpa1	98.86	U	1292	2	0	1	0
1xrj_A	Uck2	98.08	E	1690	1	0	1	0
2ooq_A	Ptprk	75.52	U	2177	1	0	1	2
2w7r_A	Mast4	92.86	E	726	1	0	1	0
1wgl_A	Tollip	72.88	U	426	1	0	1	1
4d18_C	Cops3	98.59	U	3191	8	0	1	0
3iyg_A	Tcp1	96.03	U	529	8	0	1	0
4jd2_G	Arpc5	99.34	E	1041	8	0	1	0
3jaj_SG	Rps6	100.00	N	1923	83	0	0	0
3wgx_C	Prdx4	100.00	E	48	2	0	1	0
1w45_A	Anxa8	91.74	E	2513	1	0	1	1
1ztg_A	Pcbp1	97.30	U	555	1	0	1	0
1tbo_A	Prkca	70.73	E	527	1	0	1	13
5afb_A	Adgrl2	80.12	U	2814	1	0	1	2
3ceg_A	Birc6	98.45	U	2298	1	0	1	0
4oo6_B	Rbm39	100.00	U	75	2	0	1	0
3iy9_D	Mrpl4	87.43	U	175	19	0	1	0
4v6x_Ad	Rps29	100.00	E	445	82	0	0	0
3uj4_A	Itpr3	70.70	N	3721	1	0	1	4
4d18_G	Cops7a	97.30	U	1631	8	0	1	0
3jag_O	Rpl13a	94.97	E	1638	80	0	0	0
3apo_A	Dnajc10	96.15	U	5547	1	0	1	2
3jaj_Sc	Rps28	100.00	N	506	83	0	0	0
1tmw_A	Cotl1	89.26	E	1114	1	0	1	7
4r3o_H	Psmb6	97.03	N	1509	14	0	1	0
3iug_A	Arhgap32	90.83	E	1462	1	0	1	0
2dng_A	Eif4h	87.38	E	789	1	0	1	0
2ybb_Q	Cox5b	87.76	U	748	37	1	1	0
1y4j_A	Sumf2	82.39	U	2136	1	0	1	0
3q2e_A	Brwd1	86.99	E	862	1	0	1	0
3j9m_q	Gadd45gip1	73.87	U	1076	81	1	1	0
1t6n_A	Ddx39	91.82	U	1654	1	0	1	3
1zbh_A	Eri1	88.96	N	2354	1	0	1	1
1q47_A	Sema3a	99.80	U	3883	1	0	1	0
2v8f_A	Pfn2	100.00	U	1042	2	0	1	0
2ahe_A	Clic4	92.88	U	1820	1	0	1	1
3soe_A	Magi3	78.76	E	765	1	0	1	0
2z5d_A	Ube2h	88.83	E	1224	1	0	1	0
2roz_B	Apbb2	90.44	E	1028	2	0	1	0
2iv8_P	Arrb2	95.00	U	122	2	0	1	1
1ejf_A	Ptges3	100.00	U	920	1	0	1	0
3w3d_A	Acta2	99.47	U	2924	2	0	1	0
4ii1_A	Zgpat	76.65	E	1010	1	0	1	0
1o5w_A	Maoa	94.01	N	4071	1	0	1	0
1an4_A	Usf1	95.38	U	534	1	0	1	0
3unb_H	Psmb7	100.00	E	1656	14	0	1	0
4fxy_P	Nln	94.66	U	5335	1	0	1	2
3j4q_B	Prkar2a	100.00	U	3018	3	1	1	0
4or5_A	Cdk9	98.47	U	2582	4	0	1	0
1k5d_B	Ranbp1	91.04	E	1216	3	0	1	0
3jaj_W	Rpl24	100.00	N	528	83	0	0	0
3rse_F	Arpc4	100.00	N	1371	8	0	1	0
4cnc_A	Tpbg	78.93	U	2125	1	0	1	1
4s0h_B	Nkx2-5	98.11	U	462	2	0	1	0
4a7f_B	Tpm3-rs7	81.62	U	1104	3	0	1	0
4edn_A	Parvb	90.98	N	1043	2	0	1	0
1x79_B	Rabep1	93.75	E	727	2	0	1	0
5a9q_6	Sec13	96.89	U	1402	10	1	1	0
3i6x_A	Iqgap1	97.41	U	1334	1	0	1	1
2v9k_A	Pus10	86.42	U	3702	1	0	1	0
3jag_D	Rpl5	98.97	N	2386	80	0	0	0
2rfd_C	Errfi1	100.00	E	122	2	0	1	0
3p8c_F	Abi1	86.79	U	1246	5	0	1	0
3qsv_A	Smad4	100.00	E	1034	1	0	1	0
1rgo_A	Zfp36l2	100.00	E	582	1	0	1	0
1m7e_A	Dab2	99.38	U	1186	2	0	1	0
4bum_X	Vdac2	80.62	U	2119	1	0	1	0
2qme_I	Pak2	97.22	U	185	2	0	1	0
2gs3_A	Gpx4	81.08	E	1361	1	0	1	1
4j15_A	Dars	92.32	E	3479	1	0	1	0
1h67_A	Cnn3	70.37	U	863	1	0	1	0
3j7q_1	Sec61a1	99.79	U	3051	45	0	0	0
2h8n_A	Hdac4	81.25	E	581	1	0	1	8
4gyv_A	Farp2	99.08	E	1766	1	0	1	1
4hat_A	Ran	100.00	U	1677	3	0	1	0
2dt7_B	Sf3a1	98.82	U	707	2	0	1	0
4ons_A	Ctnna2	99.60	U	1782	2	0	1	0
3c3q_B	Chmp4b	100.00	E	149	2	0	1	0
5dse_B	Fam126a	93.91	E	1844	2	0	1	0
4cos_A	Zmynd8	98.16	U	2494	1	0	1	0
4ksd_A	Abcb1b	83.57	U	9171	2	0	1	2
2le3_A	Cpt1a	95.24	U	339	1	0	1	0
4yoe_A	Hnrnpa2b1	71.84	U	1417	1	0	1	16
2rqp_A	Hp1bp3	89.77	U	679	1	0	1	0
4jxm_A	Rrp9	89.49	U	2501	1	0	1	1
3le4_A	Dgcr8	100.00	E	440	1	0	1	0
2knv_A	Sqstm1	96.15	E	403	1	0	1	4
3jaj_Se	Gm9843	100.00	N	452	83	0	0	0
4d0n_B	Akap13	93.83	E	2963	2	0	1	0
3h7h_B	Supt5	92.45	U	769	2	0	1	0
4aj4_A	Ldha	96.69	U	2504	1	0	1	0
2huz_A	Gnpnat1	98.37	E	1438	1	0	1	0
3o36_A	Trim24	94.02	U	1491	2	0	1	0
2cpr_A	Exosc10	88.71	N	976	1	0	1	3
4dnc_D	Msl1	97.92	E	352	2	0	1	0
5a5t_E	Eif3e	100.00	U	3466	8	0	1	0
4wwr_B	Ubl4a	89.36	U	382	2	0	1	0
2kr2_A	Mlec	84.74	U	1494	1	0	1	2
1cdm_B	Camk2d	100.00	E	139	2	0	1	0
3omc_A	Snd1	96.93	U	1724	2	0	1	0
2a2z_A	Dck	93.15	U	1796	1	0	1	1
5a5t_C	Eif3c	96.80	N	4529	8	0	1	0
1foe_B	Rhog	73.45	E	1384	2	0	1	0
4lhx_A	Rab8a	98.92	E	1390	2	0	1	0
3smq_A	Prmt3	87.65	U	2330	1	0	1	3
2ffu_A	Galnt2	96.81	E	3959	2	0	1	0
2h0d_B	Rnf2	100.00	U	796	2	0	1	0
2nlu_A	Hdgf	100.00	U	816	1	0	1	0
3t6b_A	Dpp3	93.39	U	5748	2	0	1	0
4x4w_A	Trnt1	92.55	U	3204	1	0	1	0
4wy4_D	Snap29	92.31	E	522	4	0	1	0
3ah8_B	Gnb2	90.29	U	2530	4	0	1	0
2fp4_A	Suclg1	93.77	N	2255	2	0	1	0
1bhd_A	Utrn	97.46	U	886	1	0	1	2
1xhb_A	Galnt1	100.00	U	3616	1	0	1	0
3bpt_A	Hibch	81.54	U	2803	1	0	1	0
1mab_B	Atp5b	99.16	N	3598	3	0	1	0
4fdd_B	Fus	100.00	U	169	2	0	1	0
2dh3_A	Slc3a2	70.52	N	3235	1	0	1	1
4wk4_B	Itgb1	92.58	U	3384	3	0	1	0
2nog_A	Smarca5	91.91	N	1247	1	0	1	0
1edu_A	Epn3	77.18	U	1210	1	0	1	3
2go5_1	Srpr	92.97	N	1020	7	0	1	0
2eki_A	Drg1	86.02	N	730	1	0	1	0
2m8d_B	Srsf9	76.92	U	725	1	0	1	2
4hwt_A	Tarsl2	75.54	E	3258	1	0	1	0
2ce8_A	Tle3	92.88	U	2587	2	0	1	0
1zl8_B	Cask	100.00	U	433	2	0	1	0
3aqq_A	Carhsp1	97.28	E	762	1	0	1	0
3rau_A	Ptpn23	97.25	U	2835	1	0	1	0
4fmk_A	Pvrl2	97.33	U	1717	1	0	1	0
1bzy_A	Hprt	96.77	N	1695	1	0	1	1
4v6x_CL	Rpl13	98.10	U	1701	82	0	0	0
2qpt_A	Ehd2	98.55	U	3795	1	0	1	0
1eh2_A	Eps15l1	70.75	E	742	1	0	1	0
1mfi_A	Mif	100.00	E	869	1	0	1	0
4ap5_A	Pofut2	93.87	U	3251	1	0	1	0
3tz5_A	Bckdk	97.13	U	2512	1	0	1	3
1xqs_A	Hspbp1	94.64	U	2046	2	0	1	0
5d3i_A	Tlr2	99.30	U	4312	2	0	1	0
2xa7_B	Ap2b1	100.00	U	4596	5	0	1	0
5a1v_G	Copb1	98.45	N	3250	8	1	1	0
3n3k_A	Usp8	91.67	E	2872	2	0	1	0
2yus_A	Smarcc2	74.68	U	604	1	0	1	0
2ctp_A	Dnajb12	82.05	U	587	1	0	1	0
3epp_A	Rnmt	87.22	N	2094	1	0	1	1
5afu_H	Actbl2	93.51	U	2838	22	1	1	0
4l87_A	Sars	96.85	N	3827	1	0	1	0
1lvg_A	Guk1	100.00	E	1475	1	0	1	0
4foe_A	Hk1	90.62	N	7032	1	0	1	3
3jaj_p	Rpl37a	100.00	N	708	83	0	0	0
5e1b_A	Ntmt1	86.72	E	1789	2	0	1	0
3gqi_B	Plcg1	100.00	E	1772	2	0	1	0
3sde_B	Nono	99.62	U	1939	2	0	1	0
4tw9_A	Csnk1a1	75.25	N	2368	1	0	1	8
3ld8_A	Jmjd6	97.60	U	2789	3	0	1	0
2msr_A	Kmt2a	100.00	U	159	2	0	1	0
5c5s_A	Myo9b	93.53	E	1642	1	0	1	0
1dxq_A	Nqo1	99.27	E	2178	1	0	1	0
3c7n_B	Hspa8	100.00	N	4182	2	0	1	0
3fdt_A	Cbx5	96.61	U	423	2	0	1	0
1cw3_A	Aldh2	96.15	N	3798	1	0	1	0
2zfu_A	Rrp8	93.02	U	1653	1	0	1	0
4c8d_A	Kdm3b	96.85	E	2558	1	0	1	0
1j2j_B	Gga1	100.00	E	339	2	0	1	0
4dhx_A	Mcm3ap	73.33	N	573	2	0	1	0
2qag_B	Sept8	76.81	N	1369	3	0	1	0
2kff_A	Ehd4	73.33	U	822	2	0	1	0
4b2t_B	Cct2	97.38	U	3602	8	0	1	0
2f43_A	Atp5a1	98.82	U	3659	3	0	1	0
3v4y_B	Ppp1r8	96.77	U	334	2	0	1	0
4egc_B	Eya4	72.45	E	2053	2	0	1	3
2jup_W	Tcerg1	100.00	N	309	2	0	1	0
3lut_A	Kcnab2	100.00	U	2556	2	0	1	0
2b4e_A	Coro1b	71.14	U	2984	1	0	1	1
2m2e_A	Dnajc2	91.78	U	580	1	0	1	0
2ybf_A	Ube2a	95.39	E	1205	2	0	1	0
4lt6_A	Papola	74.51	E	3784	1	0	1	3
4ian_A	Prpf4b	98.04	U	2630	1	0	1	3
4awl_C	Nfyc	100.00	U	653	3	0	1	0
2k1r_A	Atp7a	86.30	U	561	2	0	1	6
3drz_A	Kctd17	72.90	E	844	1	0	1	1
1lv0_A	Gdi2	85.75	U	3431	1	0	1	2
2hyi_B	Rbm8a	100.00	E	731	4	0	1	0
1gz6_A	Hsd17b4	92.79	U	2302	1	0	1	0
1wok_A	Parp1	95.71	U	2754	1	0	1	2
2dn6_A	Swap70	86.96	E	911	1	0	1	0
1zq9_A	Dimt1	96.84	U	2209	1	0	1	0
4pjo_B	Snrpb	100.00	U	673	9	0	1	0
2e29_A	Ddx50	91.30	U	707	1	0	1	0
1oe9_B	Myl6b	94.70	E	1059	2	0	1	0
1f62_A	Baz1b	98.04	N	403	1	0	1	0
4naw_B	Atg5	96.73	E	2218	4	0	1	0
2vo1_A	Ctps	92.20	U	1834	1	0	1	0
5de2_C	Nek9	100.00	E	135	2	0	1	0
1fbv_A	Cbl	99.48	E	3145	3	0	1	1
1fi6_A	Reps1	100.00	E	753	1	0	1	0
1zck_A	Ptp4a1	100.00	U	1210	1	0	1	1
4hhv_A	Col4a3bp	94.29	E	853	1	0	1	14
3iy9_S	Mrpl17	89.66	U	116	19	0	1	0
2w6a_A	Git1	90.48	E	477	1	0	1	1
1wjo_A	Lcp1	71.77	U	923	1	0	1	2
3unb_F	Psma3	100.00	U	1903	14	0	1	0
3dv3_A	Map2k1	99.07	E	2255	1	0	1	0
3e73_A	Lancl1	88.81	U	3243	1	0	1	1
2qa5_A	Sept2	99.37	E	1747	1	0	1	1
1k8f_A	Cap1	98.09	U	1216	1	0	1	0
3fk2_A	Arhgap35	91.46	E	1564	1	0	1	2
1r4a_A	Arl1	100.00	U	1312	2	0	1	0
1txq_A	Dctn1	98.92	U	571	2	0	1	2
2xtc_A	Tbl1xr1	94.44	E	570	1	0	1	1
3qb5_A	Tsn	98.68	U	1746	2	0	1	0
3l6a_A	Eif4g2	96.43	U	2836	1	0	1	2
3jaj_SR	Rps17	100.00	N	1047	83	0	0	0
4dhx_B	Eny2	100.00	U	729	2	0	1	0
5c1b_U	Ufd1l	95.24	U	74	2	0	1	1
5aj4_B0	Mrpl27	85.81	U	871	83	1	1	0
2phe_A	Sub1	93.94	U	545	2	0	1	0
1x4q_A	Prpf3	86.96	U	693	1	0	1	0
1x2r_A	Keap1	100.00	U	2226	2	0	1	0
1rl1_A	Sugt1	82.46	U	752	1	0	1	0
4ny3_A	Ppp2r4	96.05	U	2423	2	0	1	3
4iza_A	Mapk3	85.39	E	2823	2	0	1	13
3jaj_c	Rpl30	100.00	N	732	83	0	0	0
1x4h_A	Rbm28	88.29	U	813	1	0	1	0
3olh_A	Mpst	78.48	E	2139	1	0	1	1
4b18_A	Kpna1	97.76	E	3310	2	0	1	0
2c2l_A	Stub1	99.64	N	2294	2	0	1	0
2c7m_A	Rabgef1	97.30	U	487	2	0	1	0
3b96_A	Acadvl	86.88	N	4225	1	0	1	0
1b4p_A	Gstm2	90.78	E	1813	1	0	1	0
4qfg_A	Prkaa1	98.21	U	2970	3	0	1	0
1f3m_A	Pak1	100.00	U	563	2	0	1	0
1saw_A	Fahd1	86.67	E	1549	1	0	1	0
2ezd_A	Hmga1-rs1	96.00	E	156	1	0	1	1
3bow_C	Cast	92.63	E	521	3	0	1	0
2h4m_C	Hnrnpa1	100.00	U	161	2	0	1	0
4r7p_A	Ugp2	95.25	E	3831	1	0	1	0
3j04_B	Myl9	98.60	U	1160	3	0	1	0
4wwr_A	Bag6	98.11	U	414	2	0	1	0
4f3l_B	Arntl	99.74	U	2438	2	0	1	0
2lbf_A	Rplp1	98.55	E	497	2	0	1	0
4eoz_B	Cul3	98.08	U	2469	2	0	1	1
4qr9_A	Hmgb2	84.21	E	617	1	0	1	6
4fme_B	Rab1	100.00	U	1369	3	0	1	0
4drw_E	Ahnak	100.00	U	86	2	0	1	0
3rse_E	Arpc3	97.75	U	1411	8	0	1	0
1c47_A	Pgm2	92.16	U	4329	1	0	1	2
3fe2_A	Ddx5	98.76	U	1848	1	0	1	1
4d2w_A	Melk	85.67	E	2544	1	0	1	11
3ucg_A	Pabpn1	98.88	U	677	1	0	1	0
1x6f_A	Zfp462	80.68	U	690	1	0	1	0
2ejm_A	Mccc1	70.71	N	731	1	0	1	0
2cpm_A	Spag7	84.04	E	741	1	0	1	0
2fyl_A	Lrpap1	85.19	U	671	2	0	1	0
1nl4_B	Fntb	93.02	E	3154	2	0	1	0
1kte_A	Glrx	80.00	E	818	1	0	1	3
1ur6_B	Cnot4	100.00	E	425	2	0	1	0
3rse_C	Arpc1b	95.43	N	2759	8	0	1	0
3aca_A	Nudt5	83.16	U	1521	1	0	1	0
4omt_A	Pfkm	97.82	N	5715	1	0	1	0
2cs3_A	Irf2bpl	87.10	E	667	1	0	1	0
3x23_A	Rdx	99.36	U	2497	2	0	1	3
2rb3_A	Psap	80.00	N	614	1	0	1	2
1h0n_A	Rrm2	100.00	N	2380	1	0	1	0
2jo9_A	Wwp2	78.38	U	262	2	0	1	2
4asi_A	Acaca	96.36	U	5917	1	0	1	1
5a9q_0	Nup43	93.68	E	1562	10	1	1	0
2daj_A	Cobll1	80.22	E	698	1	0	1	0
4ue5_F	Srp19	97.20	U	429	6	0	1	0
1why_A	Rbm15b	86.60	E	715	1	0	1	0
3v6a_A	Api5	94.94	E	3382	1	0	1	1
4fzs_A	Snx1	96.43	E	1757	1	0	1	1
1ydi_B	Actn4	100.00	U	197	2	0	1	0
2j6l_A	Aldh7a1	89.00	E	3779	1	0	1	0
4rew_G	Prkag1	99.34	N	2426	3	0	1	0
4nsd_A	Micu1	96.87	U	2302	1	0	1	0
2dyf_A	Prpf40a	93.33	N	255	2	0	1	5
1s3s_G	Nsfl1c	100.00	E	825	2	0	1	0
4ocl_B	Psmd14	73.18	N	1396	3	0	1	0
2mgz_B	Rbm38	71.43	U	816	2	0	1	5
1yvl_A	Stat1	93.70	E	5372	2	0	1	0
4o6x_A	Ank3	91.74	E	781	1	0	1	0
4ib5_A	Csnk2a2	85.07	U	2793	2	0	1	16
4w8p_A	Tln1	100.00	U	2206	2	0	1	0
2vwi_A	Oxsr1	99.34	U	1792	1	0	1	0
3crk_C	Dlat	93.10	U	680	2	0	1	1
3vjc_A	Fdft1	87.76	U	2699	1	0	1	8
2da7_A	Zeb2	83.10	E	553	1	0	1	0
1l8k_A	Ptpn2	92.04	E	2244	1	0	1	0
1uhr_A	Smarcd1	86.02	U	748	1	0	1	0
2i0i_A	Dlg1	100.00	U	582	2	0	1	0
3h3d_X	Pum1	77.71	U	2501	1	0	1	16
2ktb_B	Pbrm1	95.87	N	947	2	0	1	9
2csk_A	Snx3	73.97	U	1176	1	0	1	1
1evh_A	Enah	100.00	E	877	2	0	1	0
2rr8_A	Iqgap3	74.21	U	1546	1	0	1	1
1m7r_A	Mtmr2	94.98	E	4189	1	0	1	3
4hdq_B	Rap1b	100.00	U	1300	3	0	1	0
4a0l_E	Cul4b	98.21	U	5743	4	0	1	0
4bkx_A	Mta2	78.41	U	1271	2	0	1	0
4owr_A	Rae1	99.12	U	2616	3	0	1	0
3fyg_A	Gstm1	93.09	E	1831	1	0	1	0
2dvq_A	Brd2	100.00	U	953	2	0	1	0
4x1i_A	Tuba1a	100.00	U	3363	3	0	1	0
5dn7_A	Fam179b	98.98	E	1884	1	0	1	0
2nps_B	Stx12	92.96	U	541	4	0	1	0
1v63_A	Ubtf	87.13	N	816	1	0	1	6
3ije_A	Itgav	92.76	U	7300	2	0	1	0
1l2z_A	Cd2bp2	98.39	U	518	2	0	1	0
1l7y_A	Ufm1	78.72	E	691	1	0	1	2
3ual_A	Ywhae	100.00	U	1843	2	0	1	0
2f9d_P	Sf3b1	100.00	U	335	2	0	1	0
1zyi_A	Clns1a	84.80	E	896	1	0	1	0
2gmj_A	Etfdh	93.66	U	4553	1	0	1	1
1s31_A	Tulp3	76.19	E	2138	1	0	1	2
1uvz_A	Txn2	88.24	E	853	1	0	1	0
4lnp_A	Sorbs1	96.72	E	510	2	0	1	0
2i7t_A	Cpsf3	99.56	U	3236	1	0	1	1
2xa7_A	Ap2a1	91.47	U	4836	5	0	1	0
2cb8_A	Dbi	74.71	E	698	1	0	1	8
2c08_A	Sh3gl1	76.47	E	1653	1	0	1	1
2xtc_A	Tbl1x	100.00	E	570	1	0	1	0
1ef3_A	Akr1b3	85.40	E	2513	1	0	1	13
5a5t_K	Eif3k	98.62	N	1738	8	0	1	0
3l4g_A	Farsa	92.52	N	2589	2	0	1	0
2o36_A	Thop1	88.28	E	5302	1	0	1	1
2jx3_A	Dek	86.26	U	900	1	0	1	1
2cs3_A	Irf2bp2	78.49	E	667	1	0	1	0
3o0t_A	Pgam5	97.03	N	1529	1	0	1	0
3hlk_A	Acot2	72.20	N	3183	1	0	1	0
4a8x_C	Sap18	100.00	N	957	3	0	1	0
2cqu_A	Eci2	70.69	U	869	1	0	1	0
3rjw_A	Ehmt2	98.59	U	2027	1	0	1	2
2vm8_A	Dpysl2	94.01	U	3673	1	0	1	0
2v0x_A	Tmpo	99.57	U	1483	1	0	1	0
1f6b_A	Sar1a	90.40	U	1389	1	0	1	0
2coz_A	Cep350	72.13	U	932	1	0	1	0
1okw_A	Cdk2	98.99	E	2378	3	0	1	0
4bwd_A	Scoc	98.78	U	477	1	0	1	0
1jr1_A	Impdh2	99.22	E	3236	1	0	1	0
1l3e_B	Ep300	100.00	U	790	2	0	1	0
2w4g_M	Myh4	91.79	E	6455	3	0	1	0
3tad_A	Ppfia1	84.51	U	2087	2	0	1	0
4p5x_A	Slc25a12	96.19	U	2117	1	0	1	0
3rip_A	Tubgcp4	96.75	E	4540	1	0	1	0
3fgh_A	Tfam	71.64	U	552	1	0	1	0
2f8n_A	Hist1h3b	100.00	E	807	6	0	1	0
3kys_A	Tead1	99.09	U	1687	2	0	1	0
3u59_A	Tpm2	93.07	U	800	1	0	1	0
1mfg_A	Erbb2ip	93.68	E	725	2	0	1	0
3voq_A	Mapkap1	94.40	E	920	1	0	1	0
2c63_A	Ywhah	98.79	U	1838	2	0	1	0
1wrd_A	Tom1	88.35	U	786	2	0	1	2
2din_A	Cdc5l	80.30	U	511	1	0	1	1
2gd5_A	Chmp3	96.65	E	1134	1	0	1	1
2d7l_A	Wdhd1	74.07	U	621	1	0	1	0
4gwq_H	Polr2a	100.00	U	184	8	0	1	0
4wiq_A	Dag1	99.24	U	1741	1	0	1	1
2zu6_A	Eif4a2	92.01	U	2743	2	0	1	1
3dkm_A	Hectd1	79.78	U	613	1	0	1	2
3iyg_G	Cct3	97.67	N	515	8	0	1	0
2ot0_A	Aldoa	98.07	U	2719	2	0	1	0
2yt9_A	Maz	70.53	E	726	1	0	1	0
1vyh_A	Pafah1b2	99.56	U	1705	2	0	1	0
2kw3_C	Rfxap	88.71	U	498	2	0	1	0
3aa6_C	Cd2ap	100.00	E	184	3	0	1	0
1z2c_A	Rhoc	99.48	E	1419	2	0	1	0
3kn1_A	Golph3	98.80	E	1895	1	0	1	0
2k8b_B	Plaa	95.00	U	638	2	0	1	0
1kps_B	Rangap1	99.42	E	1206	2	0	1	0
3qbt_A	Rab10	74.71	U	1373	2	0	1	0
2bc9_A	Gbp2	73.78	E	2331	1	0	1	1
4zpk_A	Arnt	99.74	U	2186	2	0	1	0
2dho_A	Idi1	83.83	U	1753	1	0	1	3
1ej4_A	Eif4e	100.00	U	1475	2	0	1	0
2fyl_B	Lrp1	100.00	U	615	2	0	1	0
1rrp_B	Ranbp2	98.51	U	1105	2	0	1	0
4azq_A	Fabp5	97.10	U	1061	1	0	1	1
5aj4_BN	Mrpl13	92.13	N	1425	83	1	1	0
2za0_A	Glo1	100.00	U	1435	1	0	1	0
2lgx_A	Fermt2	91.96	E	766	1	0	1	3
2l6z_A	Gata4	87.18	U	306	3	0	1	1
3g07_A	Mepce	92.12	E	1415	1	0	1	0
4uad_A	Kpna6	98.96	U	3298	2	0	1	0
5anr_B	Ddx6	99.21	U	2836	3	0	1	1
4yoc_A	Dnmt1	84.86	U	7028	2	0	1	7
1qvj_A	Nudt9	93.84	E	2330	1	0	1	1
5a5t_M	Eif3m	99.47	N	2919	8	0	1	0
1u5r_A	Taok1	81.61	E	2490	1	0	1	2
5brm_G	Stk3	96.77	U	183	2	0	1	1
3ofh_A	Mesdc2	96.63	U	667	1	0	1	5
2px9_A	Uba2	96.77	U	1745	2	0	1	0
4j2x_A	Rbpj	98.59	U	3329	2	0	1	2
3q2s_A	Nudt21	100.00	E	1699	2	0	1	0
4jd2_B	Actr2	100.00	U	2963	8	0	1	0
1zw2_B	Tln2	96.00	E	136	2	0	1	0
1v9j_A	Bola2	76.11	E	911	1	0	1	0
2e60_A	Sfswap	85.15	U	789	1	0	1	0
1wgh_A	Ubl3	89.66	U	887	1	0	1	1
1z0j_A	Rab31	75.29	U	1340	2	0	1	2
3x23_A	Ezr	85.58	U	2497	2	0	1	5
3jaj_S1	Srp9	93.24	N	608	83	0	0	0
4zc4_A	Larp1	93.21	E	1285	1	0	1	1
2j0s_A	Eif4a3	99.27	N	3104	4	0	1	0
4tvs_A	Tor1aip1	83.98	U	1753	2	0	1	0
5cvn_A	Wdr48	95.65	U	4048	3	0	1	0
2d85_A	Pls3	72.58	E	933	1	0	1	2
5a1y_H	Arcn1	100.00	U	1520	8	1	1	0
3cqg_B	Nup133	88.99	U	1434	2	0	1	0
2yvr_A	Trim28	100.00	U	371	1	0	1	0
3d2w_A	Tardbp	83.15	U	561	1	0	1	5
2dgx_A	Marf1	73.96	U	715	1	0	1	1
3re8_A	Cat	91.78	N	4017	1	0	1	0
2psn_A	Eno1b	94.70	N	3297	1	0	1	0
5a1v_E	Copg1	100.00	N	3294	8	1	1	0
3dcy_A	Tigar	70.55	E	1945	1	0	1	0
4o4i_B	Tubb2b	100.00	U	3369	4	0	1	0
3jag_M	Rpl14	93.48	N	1137	80	0	0	0
1nbf_A	Usp7	99.72	U	2820	2	0	1	0
4n3c_B	Hcfc1	100.00	E	140	2	0	1	0
4js0_B	Baiap2	100.00	U	202	2	0	1	0
5efq_B	Ccnk	99.63	U	1978	2	0	1	0
1okc_A	Slc25a5	89.23	U	2254	1	0	1	1
2lbm_A	Atrx	95.07	U	1128	2	0	1	1
1s9d_E	Cyth2	96.55	N	1577	2	0	1	3
4un0_C	Cdk12	98.47	E	2325	2	0	1	0
4k6j_A	Wapal	95.77	U	3924	1	0	1	0
3obv_E	Diap1	100.00	E	3410	2	0	1	0
1zck_A	Ptp4a2	90.26	E	1210	1	0	1	0
4d6t_G	Uqcrq	81.71	N	677	9	0	1	0
3c5w_P	Ppme1	96.13	U	2277	3	0	1	1
3rap_R	Rap2c	95.81	E	1329	1	0	1	2
4r3r_A	Egfr	98.14	U	2440	2	0	1	21
4dnk_A	Ywhab	98.38	N	1868	1	0	1	0
2wd5_A	Smc1a	96.57	U	1402	2	0	1	0
2d89_A	Ehbp1	87.39	U	927	1	0	1	0
1wuu_A	Galk1	86.22	U	2960	1	0	1	0
4y2e_A	Dusp9	80.54	U	1153	1	0	1	3
1mp1_A	Srrm1	97.30	U	901	1	0	1	0
1y8p_A	Pdk3	92.84	U	3100	2	0	1	0
4phc_A	Hars	94.89	U	3488	1	0	1	0
4pky_B	Tacc3	94.00	U	398	2	0	1	0
2iu1_A	Eif5	93.75	U	1473	1	0	1	2
3mtg_A	Ahcyl1	99.32	U	3322	1	0	1	0
1jcn_A	Impdh1	91.63	U	2939	1	0	1	0
1aoj_A	Eps8	100.00	U	490	1	0	1	0
4ui9_O	Anapc5	92.06	U	5396	18	0	1	0
3d3k_A	Edc3	97.30	E	1802	1	0	1	0
3rqf_A	Pdcd10	98.60	N	1611	2	0	1	0
1why_A	Rbm15	73.20	U	715	1	0	1	0
1v66_A	Pias1	100.00	E	519	1	0	1	0
4q58_A	Plec	99.12	U	1851	2	0	1	0
1qjb_A	Ywhaz	99.59	U	1826	2	0	1	0
3zzz_A	Ptbp3	81.54	U	823	2	0	1	1
4i0o_A	Ahctf1	99.40	N	3595	1	0	1	0
3dkp_A	Ddx52	94.69	U	1868	1	0	1	0
3oqc_A	Ufsp2	95.22	U	3328	1	0	1	0
2cw9_A	Timm44	86.60	U	1441	1	0	1	0
2m3d_A	Ddx21	89.47	U	744	1	0	1	0
2d6l_X	Lgals9	98.74	U	1223	1	0	1	0
3a5t_A	Mafg	96.26	U	725	1	0	1	1
3nnh_A	Celf2	89.77	U	692	1	0	1	8
1xd3_A	Uchl3	98.26	E	1829	2	0	1	0
2l2l_B	Mbd3	77.78	U	292	2	0	1	1
2x36_A	Lonp1	86.96	U	1440	1	0	1	0
4oyn_A	Fth1	91.80	N	1413	1	0	1	0
2d3g_P	Hgs	100.00	U	139	2	0	1	0
4v6x_AX	Rps23	100.00	N	1106	82	0	0	0
3iuc_A	Hspa5	94.12	U	2930	1	0	1	5
5ccf_A	Adpgk	90.95	U	3439	1	0	1	1
2dlm_A	Sorbs3	79.41	E	521	1	0	1	3
1bg1_A	Stat3	98.66	E	4504	1	0	1	1
3mjh_B	Eea1	97.06	U	255	2	0	1	0
4h75_A	Spin1	98.32	U	1607	2	0	1	0
2mv7_B	Dot1l	96.00	E	187	2	0	1	6
2mnu_A	Fn1	97.85	U	695	2	0	1	6
3ecs_A	Eif2b1	91.11	U	2165	1	0	1	0
2d8y_A	Lima1	83.52	U	701	1	0	1	0
3ulr_B	Cttn	92.31	E	499	3	0	1	0
3v43_A	Kat6b	87.50	E	860	2	0	1	1
2c2v_C	Gm20431	92.96	U	1123	3	0	1	0
2gk1_B	Hexb	77.93	U	3877	2	0	1	0
2jgn_A	Ddx3x	91.89	U	1205	1	0	1	5
2e5g_A	Tut1	81.91	U	699	1	0	1	0
2odg_C	Emd	80.85	U	404	2	0	1	0
3siv_A	Nhp2l1	98.46	N	991	2	0	1	1
1z09_A	Dynlrb1	95.83	U	765	1	0	1	0
1bhg_A	Gusb	76.84	U	4990	1	0	1	0
2w0p_A	Flnb	81.91	U	678	2	0	1	22
1vlr_A	Dcps	96.57	E	2375	1	0	1	0
3l9q_A	Prim2	91.79	N	1390	1	0	1	0
4gqb_B	Wdr77	88.95	N	2269	3	0	1	0
1x3a_A	Syap1	84.00	E	794	1	0	1	0
1ne7_A	Gnpda1	96.19	U	2239	1	0	1	0
2ao7_A	Adam10	93.75	E	1099	1	0	1	0
3jaj_SE	Rps4x	100.00	N	2076	83	0	0	0
2al3_A	Aspscr1	100.00	U	612	1	0	1	0
1qcr_J	Uqcr10	91.53	U	59	11	0	1	0
1zrj_A	Hnrnpul1	72.00	U	372	1	0	1	0
3rdv_A	Clip1	100.00	E	549	2	0	1	0
1rfu_A	Pdxk	87.82	E	2439	1	0	1	0
2dix_A	Prkra	85.71	E	618	1	0	1	0
4d18_B	Cops2	99.11	N	3304	8	0	1	0
3o2f_A	Hsp90b1	96.19	U	1768	1	0	1	6
4ggd_C	Bub1b	82.61	E	56	2	0	1	0
5anb_K	Eftud1	90.80	U	8800	11	0	1	0
4crh_A	Shkbp1	80.95	U	759	1	0	1	0
3hlt_A	Hdhd2	86.84	E	1928	1	0	1	1
2je1_A	Anp32e	70.47	N	1189	1	0	1	1
2bbw_A	Ak4	81.71	U	1720	1	0	1	2
1ldk_E	Skp2	92.68	U	331	5	0	1	0
2dnr_A	Synj1	78.02	E	679	1	0	1	0
1smb_A	Glipr2	93.51	E	1181	1	0	1	1
4o27_B	Stk24	98.22	E	2180	3	0	1	8
3knb_B	Obsl1	89.72	E	676	2	0	1	0
3ulh_A	Alyref	99.07	U	632	1	0	1	1
1xd2_C	Sos1	97.73	E	3895	2	0	1	5
2ehe_A	Fhl3	82.93	E	625	1	0	1	2
3mos_A	Tkt	94.97	N	4715	1	0	1	0
2l2l_A	Gatad2a	97.67	U	357	2	0	1	0
2edu_A	Kif22	78.57	E	751	1	0	1	1
2dzj_A	Tecr	73.86	U	703	1	0	1	0
3lru_A	Prpf8	99.38	N	1299	1	0	1	4
1vfn_A	Pnp	85.05	U	2102	1	0	1	0
1d5t_A	Gdi1	97.92	U	3418	1	0	1	2
5aj4_Ak	Mrps35	84.36	U	2179	83	1	1	0
2q4k_A	AI837181	96.81	E	1769	1	0	1	1
2h06_A	Prps1l1	92.94	U	2336	1	0	1	0
1x4d_A	Matr3	86.27	U	798	1	0	1	1
1t39_A	Mgmt	70.21	U	1164	1	0	1	4
3mtl_A	Cdk16	95.37	E	2277	1	0	1	0
2v8s_E	Clint1	100.00	U	1148	2	0	1	0
3bcb_A	Sepsecs	100.00	U	3461	1	0	1	0
1onv_B	Ctdp1	78.31	E	152	2	0	1	0
3j9m_g	Mrpl49	83.13	N	1067	81	1	1	0
2iyb_E	Tes	96.92	E	480	2	0	1	0
1x0f_A	Hnrnpab	74.68	U	636	1	0	1	5
3t7o_A	Gyg	88.21	E	2085	1	0	1	0
4rdn_A	Ythdf1	79.04	E	1213	1	0	1	4
4cgc_A	Eml4	98.31	E	216	1	0	1	0
4fu3_A	Rprd1b	99.26	U	995	1	0	1	0
2k7l_A	Gtf2f1	98.51	N	552	2	0	1	0
3ewz_A	Umps	89.23	E	1973	1	0	1	0
2pa1_A	Pdlim2	85.06	U	639	1	0	1	2
3rdv_A	Clip2	77.78	E	549	2	0	1	2
4jgh_B	Tceb2	100.00	U	828	4	0	1	0
3ihw_A	Agap1	79.35	E	1275	1	0	1	0
2rr3_B	Osbp	72.34	E	350	2	0	1	0
1ghc_A	Hist1h1b	88.00	U	538	1	0	1	0
2jeo_A	Uck1	86.12	E	1715	1	0	1	0
2rep_A	Kifc1	87.23	E	2153	1	0	1	0
2v9y_A	Gart	84.13	E	2357	1	0	1	16
3qvg_A	Lig3	78.65	U	648	2	0	1	4
2bo9_B	Lxn	84.68	E	1774	2	0	1	1
1dow_A	Ctnna1	100.00	U	1571	2	0	1	0
1y9j_A	Scfd1	89.94	U	1133	1	0	1	0
4yrw_A	Xdh	94.60	N	9964	1	0	1	0
4w9x_A	Aak1	76.13	E	2279	1	0	1	2
1shc_A	Shc1	97.95	U	1496	2	0	1	3
2izz_A	Pycr2	81.37	U	1969	1	0	1	3
4bc6_A	Stk10	97.27	E	2091	1	0	1	0
4az3_B	Ctsa	90.32	N	1269	2	0	1	0
2nyl_B	Ppp2r5d	90.21	E	3131	4	0	1	0
3s7r_A	Hnrnpd	78.16	U	622	1	0	1	5
3ker_A	Ddt	100.00	E	908	1	0	1	0
4kyi_B	Rab5c	97.65	U	1283	2	0	1	3
2dk4_A	Prpf18	82.89	E	587	1	0	1	0
4o9b_A	Stim1	98.08	U	700	1	0	1	0
1rr8_C	Top1	97.35	U	4124	1	0	1	14
3qbt_A	Rab8b	87.93	U	1373	2	0	1	0
3w8j_A	Pdia6	80.28	U	941	2	0	1	5
4zkf_A	Pde12	88.74	E	3656	1	0	1	2
1mf8_B	Ppp3r1	100.00	U	1311	4	0	1	0
3qo0_C	Tubb5	100.00	U	14	3	0	1	0
4iyp_A	Igbp1	81.53	E	1679	2	0	1	1
2r17_A	Vps29	98.36	E	1455	2	0	1	1
4k92_A	Clasp2	78.75	E	1956	1	0	1	2
3krm_A	Igf2bp1	99.39	U	1217	1	0	1	0
1txp_A	Hnrnpc	92.86	U	232	1	0	1	2
4p2a_A	Vps26a	97.55	U	2353	2	0	1	0
1iv5_A	Cd81	80.00	N	694	1	0	1	1
2rpp_A	Mbnl1	79.78	U	683	1	0	1	3
4ue5_C	Srp68	98.97	N	716	6	0	1	0
2cru_A	Pdcd5	73.73	U	905	1	0	1	1
2nn6_H	Exosc2	89.29	N	1956	9	0	1	0
3ktp_B	Tnrc6b	72.73	E	132	2	0	1	0
1x8y_A	Lmna	96.51	U	594	1	0	1	3
4cv4_A	Pih1d1	100.00	U	1011	1	0	1	0
2ctl_A	Hdlbp	84.54	U	744	1	0	1	7
1ldk_B	Cul1	100.00	U	2981	5	0	1	0
1jfi_A	Drap1	78.57	U	490	3	0	1	0
1wft_A	Hcfc2	87.80	E	914	1	0	1	0
2kff_A	Ehd1	95.24	U	822	2	0	1	0
3hqv_A	Col1a1	98.58	N	1054	2	0	0	0
5anb_J	Sbds	97.20	N	2015	11	0	1	0
4pj3_A	Aqr	94.31	E	10971	1	0	1	0
2olm_A	Agfg1	97.86	E	1056	1	0	1	0
1x43_A	Sh3glb1	85.19	N	603	1	0	1	0
2y69_H	Cox6b1	91.86	N	628	13	0	1	0
3jag_s	Rplp0	100.00	U	1523	80	0	0	0
3pvb_B	Prkar1a	100.00	U	1218	2	0	1	0
3idv_A	Pdia4	85.89	U	1854	1	0	1	4
3ly5_A	Ddx18	84.73	U	1518	1	0	1	0
3unb_I	Psmb3	100.00	N	1592	14	0	1	0
1dev_B	Zfyve9	100.00	E	289	2	0	1	0
2dnp_A	Rbm14	87.78	U	674	1	0	1	0
4pc0_A	Rbbp4	100.00	U	3197	2	0	1	0
3lkx_A	Btf3	100.00	U	471	2	0	1	0
3j1t_C	Tubb6	93.21	U	3360	3	0	1	0
5afw_A	Chd1	96.55	U	1353	2	0	1	0
3zzz_A	Ptbp1	100.00	N	823	2	0	1	0
4qmi_A	Ckap5	96.25	E	1782	1	0	1	1
1vyh_C	Pafah1b1	99.51	E	2454	2	0	1	0
3ro2_B	Numa1	100.00	N	180	2	0	1	0
4nn2_A	Phf6	97.67	U	969	1	0	1	0
2cvp_A	Gpi1	99.64	N	4416	1	0	1	0
1agn_A	Adh7	89.01	N	2789	1	0	1	0
3hrn_A	Pkd2	96.88	U	505	1	0	1	0
2nz2_A	Ass1	96.61	U	3191	1	0	1	0
1a17_A	Ppp5c	96.99	U	1281	1	0	1	12
3n7y_A	Grb2	100.00	E	810	2	0	1	0
5a5t_F	Eif3f	76.10	N	2111	8	0	1	0
1oqc_A	Gfer	96.80	N	933	1	0	1	0
3jui_A	Eif2b5	80.22	U	1422	1	0	1	0
3laq_U	Plaur	100.00	U	1955	2	0	1	0
2r17_C	Vps35	98.66	U	2416	2	0	1	0
4c9b_B	Cwc22	99.31	N	2205	2	0	1	0
1s4z_C	Chaf1a	96.67	U	219	2	0	1	0
4eah_A	Fmnl3	99.50	E	2895	2	0	1	0
4otp_A	Riok1	87.22	E	1889	1	0	1	0
1kcm_A	Pitpnb	76.30	U	2130	1	0	1	2
3v53_A	Rbm25	92.44	N	833	1	0	1	0
5dmv_C	Plk1	100.00	E	1849	2	0	1	0
4iku_A	Metap1	90.88	E	2396	1	0	1	28
2b05_A	Ywhag	100.00	E	1814	2	0	1	0
2do4_A	Sart3	83.00	U	751	1	0	1	0
1sqp_K	Uqcr11	91.07	U	436	11	0	1	0
4oo7_A	Cisd2	98.53	U	504	1	0	1	0
4nho_A	Ddx23	98.98	U	3505	1	0	1	0
4ui9_A	Anapc1	92.08	N	10947	18	0	1	0
2q8k_A	Pa2g4	97.01	U	2764	1	0	1	2
3j9m_U	Mrpl23	84.31	E	922	81	1	1	0
1m9e_A	Ppia	96.34	E	1257	2	0	1	0
3ozc_A	Mtap	93.64	E	2112	1	0	1	0
3lrn_A	Ddx58	80.17	U	999	1	0	1	1
1fgu_A	Rpa1	92.06	N	1930	1	0	1	0
1c9b_A	Gtf2b	99.52	E	1615	2	0	1	3
1fj2_A	Lypla1	88.79	E	1727	1	0	1	0
1wsp_A	Axin1	98.81	U	679	1	0	1	0
2mks_A	Rbmxl1	96.74	U	707	1	0	1	1
2e50_A	Set	88.00	N	1526	1	0	1	0
2crr_A	Smap1	90.07	U	1124	1	0	1	0
2b9e_A	Nsun5	83.50	U	2127	1	0	1	0
3hym_B	Cdc16	98.18	N	2344	2	0	1	0
3gtt_A	Sod1	100.00	N	1109	1	0	1	0
1elk_A	Tom1l2	78.98	E	1205	1	0	1	0
1ds6_B	Arhgdib	88.89	U	1426	2	0	1	0
5mdh_A	Mdh1	94.89	U	2550	1	0	1	0
1x5o_A	Rbms2	80.70	U	842	1	0	1	1
2jqk_A	Vps4b	74.16	U	586	2	0	1	6
1hqv_A	Pdcd6	100.00	U	1452	1	0	1	0
2nup_B	Sec24a	95.09	E	5780	3	0	1	0
2axy_A	Pcbp2	98.63	U	550	1	0	1	2
3ean_A	Txnrd1	96.79	E	3768	1	0	1	0
3gxd_A	Gba	87.12	U	3930	1	0	1	6
4lbq_A	Lgals1	100.00	E	1011	1	0	1	0
4nif_A	Rps6ka3	79.88	U	2432	2	0	1	21
1cts_A	Cs	96.11	U	3444	1	0	1	0
2c0l_B	Scp2	96.72	U	922	2	0	1	2
4hfx_A	Tceb3	83.51	U	489	1	0	1	0
5aj4_AB	Mrps2	83.18	U	1740	83	1	1	0
1v86_A	Ubfd1	86.32	E	686	1	0	1	0
4qc3_A	Baz2b	91.59	U	869	2	0	1	1
2bh9_A	G6pdx	93.46	U	3971	1	0	1	0
3t5g_A	Rheb	98.34	U	1351	2	0	1	3
1wl4_A	Acat2	87.66	U	2872	1	0	1	0
5afu_H	Actb	100.00	U	2838	22	1	1	0
1kj2_H	H2-K1	100.00	N	2247	5	0	1	0
3lfm_A	Fto	82.63	U	3407	1	0	1	13
2xyh_B	Casp3	93.55	E	778	2	0	1	0
1win_A	Flot2	91.61	E	1081	1	0	1	0
2v0o_A	Fcho2	95.29	U	2196	1	0	1	0
2j3r_B	Trappc5	79.62	E	1212	2	0	1	0
3h2v_E	Raver1	95.95	U	600	2	0	1	0
2crw_A	Arfgap3	85.23	E	1135	1	0	1	0
1oqj_A	Gmeb2	75.26	E	709	1	0	1	0
4its_A	Pus1	90.77	N	2365	1	0	1	4
4c2x_A	Nmt1	79.51	U	3182	1	0	1	7
2cqa_A	Ruvbl2	89.47	U	695	1	0	1	0
4a7f_B	Tpm4	83.82	U	1104	3	0	1	0
4i6x_A	Pdia5	86.26	N	936	1	0	1	0
3lcp_C	Mcfd2	88.17	E	546	2	0	1	0
1wym_A	Tagln2	89.03	U	1208	1	0	1	0
3jv5_A	Nfkb2	100.00	U	852	1	0	1	0
2crw_A	Arfgap2	73.15	U	1135	1	0	1	1
1eji_A	Shmt1	99.79	U	3695	1	0	1	0
2nz8_B	Trio	99.04	U	2280	2	0	1	1
1io4_C	Runx1	100.00	U	934	3	0	1	0
2pjh_A	Nploc4	100.00	U	595	2	0	1	0
2ji4_A	Prpsap1	73.88	U	2336	1	0	1	1
2qho_B	Ubr5	96.23	U	359	2	0	1	1
4p13_A	Acadm	89.92	U	2993	1	0	1	0
4zi2_C	Cfap36	98.52	E	1068	2	0	1	0
2xmf_A	Myo1e	91.67	U	474	1	0	1	0
3if8_B	Zwilch	83.66	E	1914	2	0	1	0
2di0_A	Ascc2	76.06	E	550	1	0	1	0
1wh0_A	Usp19	87.31	U	1046	1	0	1	0
4aze_A	Dyrk1a	93.72	E	2844	2	0	1	9
1fjm_A	Ppp1ca	99.70	U	2303	2	0	1	0
2kwi_A	Ralb	95.51	E	1425	2	0	1	1
1zoy_A	Sdha	96.78	N	4729	4	0	1	0
3t54_A	Ppip5k2	97.90	E	2547	1	0	1	16
1bcc_H	Uqcrh	92.31	E	490	10	0	1	0
2rqg_B	Pabpc1	98.80	U	626	2	0	1	1
1wg5_A	Hnrnph2	87.50	U	789	1	0	1	2
2ly4_A	Hmgb1	100.00	E	664	2	0	1	0
2w4g_C	Myl1	83.45	E	1126	3	0	1	0
4gll_A	Uxs1	99.41	N	2423	1	0	1	0
2aex_A	Cpox	87.28	N	2702	1	0	1	0
1z9h_A	Ptges2	88.62	E	2214	1	0	1	0
3pqy_A	H2-D1	100.00	N	2260	5	0	1	0
2e1d_A	Taldo1	97.58	U	2501	1	0	1	1
2con_A	Nob1	83.54	E	596	1	0	1	0
3u1k_A	Pnpt1	91.43	N	4741	1	0	1	0
4dkk_A	Stau1	91.30	U	812	1	0	1	0
3qye_A	Tbc1d4	71.00	E	2605	1	0	1	1
4y97_B	Pola1	84.44	N	1426	2	0	1	2
4n78_A	Cyfip1	99.04	N	9694	6	0	1	0
4cns_A	Dpysl3	97.50	U	3676	1	0	1	0
2xrd_A	Cr1l	75.52	N	1918	1	0	1	1
4rtt_A	Srgap2	93.48	E	638	1	0	1	1
3o4r_A	Dhrs4	81.23	U	1860	1	0	1	0
3j0s_M	Cfl1	98.80	U	1296	2	0	1	0
5ar5_A	Ripk2	88.65	E	2296	1	0	1	0
2dir_A	Thumpd1	81.63	U	753	1	0	1	0
1owx_A	Ssb	76.86	U	912	1	0	1	8
2a1t_R	Etfa	95.80	U	2264	3	0	1	0
3uio_B	Sumo2	100.00	U	633	4	0	1	0
3dqv_C	Cul5	97.38	E	3116	3	0	1	1
3krm_A	Igf2bp3	81.60	U	1217	1	0	1	1
2h1s_A	Grhpr	85.37	E	2442	1	0	1	0
2dm3_A	Palld	86.36	U	813	1	0	1	2
2cqe_A	Zc3h4	87.76	E	746	1	0	1	0
2kxp_C	Mtpn	100.00	U	902	3	0	1	0
4xx0_B	Suclg2	90.63	N	2974	2	0	1	0
2nn6_G	Exosc3	83.04	N	1793	9	0	1	0
4ue5_B	Srp14	96.00	N	300	6	0	1	0
3ihj_A	Gpt2	90.16	U	3570	1	0	1	0
1x53_A	Ahsa1	88.97	E	1139	1	0	1	0
2ak5_A	Arhgef7	95.31	E	481	2	0	1	0
3p7l_A	Ide	99.08	E	7802	1	0	1	0
2ybb_Y	Cycs	97.12	N	814	37	1	1	0
4o59_O	Gm3839	94.28	E	2513	1	0	1	0
1v88_A	Osbpl8	90.77	U	994	1	0	1	0
3wkt_C	Hmox1	93.26	U	1742	2	0	1	1
4rci_A	Ythdf2	84.00	U	1451	1	0	1	4
1lez_A	Mapk14	96.11	E	2774	2	0	1	0
1ukl_A	Kpnb1	100.00	U	6807	2	0	1	0
2w0i_A	Twf2	93.33	U	1075	1	0	1	1
1gg3_A	Epb4.1l2	72.04	E	2279	1	0	1	2
2h5g_A	Aldh18a1	92.87	U	3122	1	0	1	0
1prx_A	Prdx6	89.73	E	1743	1	0	1	0
4b6h_A	Dcp1a	95.52	E	1052	2	0	1	0
2pey_A	Papss1	98.88	N	1369	1	0	1	0
4p2y_B	S100a6	97.80	E	698	2	0	1	0
1imj_A	Abhd14b	87.14	U	1559	1	0	1	0
3wzf_A	Got1	90.78	U	3261	1	0	1	0
4lij_A	Fubp1	97.78	U	566	1	0	1	0
1t5y_A	Nip7	92.63	U	1351	1	0	1	1
2wm9_A	Dock9	97.90	E	3224	2	0	1	0
4ndn_A	Mat2a	99.49	E	2822	2	0	1	0
1k4q_A	Gsr	88.07	U	3505	1	0	1	1
2car_A	Itpa	89.29	U	1519	1	0	1	0
1xdc_A	Sod2	93.94	U	1581	1	0	1	0
2lgg_A	Uhrf1	73.91	N	538	2	0	1	15
2wv3_A	Nptn	95.26	U	1495	1	0	1	0
4gqb_A	Prmt5	97.96	E	4998	3	0	1	0
2ybf_A	Ube2b	100.00	E	1205	2	0	1	0
3wkt_A	Por	98.54	U	4834	2	0	1	4
2bzy_A	Crkl	98.51	E	491	1	0	1	0
3sn2_A	Aco1	90.64	U	6632	1	0	1	3
4g84_A	Hars2	71.77	U	3431	1	0	1	0
1aya_A	Ptpn11	99.01	E	802	2	0	1	3
1mi1_A	Nbea	98.55	E	3381	1	0	1	0
2q3g_A	Pdlim7	93.26	U	651	1	0	1	0
3une_C	Psma7	100.00	U	1881	14	0	1	0
1snl_A	Nucb2	75.73	N	842	1	0	1	0
4u1r_A	Pfkp	87.48	U	5523	1	0	1	0
2yrt_A	Chordc1	89.33	E	568	1	0	1	0
2ond_A	Cstf3	100.00	U	2549	1	0	1	0
2odg_A	Banf1	96.63	U	705	2	0	1	0
3iyg_D	Cct4	97.88	U	518	8	0	1	0
2m85_A	Shprh	79.45	U	541	1	0	1	1
2g77_B	Rab33b	95.45	E	1374	2	0	1	0
1kq9_A	Metap2	94.56	N	2716	1	0	1	20
2bba_A	Ephb4	90.27	U	1443	2	0	1	15
4ib5_A	Gm10031	99.70	U	2793	2	0	1	13
3mkr_B	Copa	97.19	U	2550	2	0	1	0
5do9_A	Gna11	89.81	U	2593	2	0	1	0
4gp0_A	Fscn1	95.94	E	3706	1	0	1	6
3t97_A	Nup62	100.00	E	470	2	0	1	0
1wju_A	Nub1	76.00	E	774	1	0	1	1
4qr9_A	Hmgb3	71.05	E	617	1	0	1	11
4xos_A	Anp32b	71.05	U	1209	1	0	1	4
1vm8_A	Uap1	97.38	U	3729	1	0	1	0
2ybb_P	Cox5a	100.00	N	878	37	1	1	0
4ofd_A	Kirrel	96.26	U	1451	1	0	1	0
4wkr_A	Larp7	83.17	U	1261	1	0	1	0
3e1r_A	Cep55	86.21	E	394	2	0	1	0
2vx8_A	Vamp7	71.01	U	1065	1	0	1	2
3jaj_e	Rpl32	100.00	N	1053	83	0	0	0
2jao_A	Nt5c	99.50	E	1595	1	0	1	0
3dm1_A	Cbx3	100.00	U	428	2	0	1	0
3fey_A	Ncbp1	97.97	N	6224	3	0	1	0
1iyg_A	Fis1	90.98	U	1062	1	0	1	2
3hzj_A	Rabgap1	78.71	E	2270	1	0	1	1
4ui9_N	Anapc2	93.92	U	4831	18	0	1	0
3nwu_A	Htra1	95.15	U	1412	1	0	1	0
2gvl_A	Nampt	100.00	U	3710	1	0	1	0
2kfv_A	Fkbp3	76.09	E	594	1	0	1	3
3unb_B	Psma4	100.00	N	1950	14	0	1	0
2cv5_D	Hist1h2bg	99.21	U	754	4	0	1	0
2i7p_A	Pank3	97.79	U	2759	1	0	1	0
3qor_A	Nudc	87.60	E	955	1	0	1	2
3jaj_SJ	Rps9	100.00	E	1525	83	0	0	0
1i0z_A	Ldhb	97.90	E	2552	1	0	1	0
1shz_C	Arhgef1	88.84	E	1576	2	0	1	4
4a7f_B	Tpm1	100.00	U	1104	3	0	1	0
1wg5_A	Hnrnph3	70.19	U	789	1	0	1	0
2ftc_E	Mrpl12	94.89	N	137	16	0	1	0
2mdc_A	Setd2	89.58	U	393	1	0	1	5
3j4q_D	Prkaca	100.00	N	2517	3	1	1	0
2pft_A	Exoc7	99.65	N	4098	1	0	1	0
2dnq_A	Rbm4	85.56	U	689	1	0	1	1
2xa0_C	Bax	100.00	E	211	2	0	1	0
4xrs_A	Meis1	100.00	U	468	2	0	1	0
1p32_A	C1qbp	89.95	U	1464	1	0	1	0
4nnm_A	Tax1bp3	100.00	E	866	2	0	1	0
1tev_A	Cmpk1	98.47	E	1540	1	0	1	0
3tw2_A	Hint1	94.44	E	897	1	0	1	0
2p6n_A	Ddx41	87.43	U	1252	1	0	1	0
1ef3_A	Akr1b10	70.16	U	2513	1	0	1	111
5aj4_Ac	Mrps25	89.35	N	1347	83	1	1	0
3jaj_SF	Rps5	100.00	N	1509	83	0	0	0
3efo_B	Sec24d	91.56	N	6038	3	0	1	0
3d45_A	Parn	99.41	N	3109	1	0	1	0
3bd0_A	Memo1	99.32	U	2339	1	0	1	1
2ie3_C	Ppp2ca	100.00	E	2322	3	0	1	0
3n00_B	Ncor1	100.00	U	168	2	0	1	0
4r3z_B	Rars	89.48	U	5286	3	0	1	0
3pgw_A	Snrpa	96.10	N	108	9	0	1	1
4ujc_BE	Rpl6	91.14	N	1287	77	0	0	0
4cc2_A	Dnmbp	88.06	E	525	2	0	1	0
1n1a_A	Fkbp4	95.71	E	932	1	0	1	0
1uad_C	Exoc2	98.99	U	677	2	0	1	0
4cfg_A	Trim25	73.65	E	1337	1	0	1	1
2qpp_A	Hmox2	90.53	U	1758	1	0	1	1
2p0w_A	Hat1	92.90	U	2642	2	0	1	0
3m7f_B	Nedd4	100.00	U	1106	2	0	1	0
2ytc_A	Rbm22	91.76	U	666	1	0	1	0
1r0d_A	Hip1r	94.17	E	1474	1	0	1	0
4ycu_A	Kars	95.13	U	4011	2	0	1	0
2p8u_A	Hmgcs1	91.21	U	3568	1	0	1	0
2yty_A	Csde1	84.09	U	662	1	0	1	4
3o10_A	Sacs	98.58	U	1106	1	0	1	0
2p9q_A	Pgk1	84.13	E	3043	1	0	1	26
1auc_A	Txn1	87.62	U	821	1	0	1	3
3waa_C	H2afv	97.71	U	809	4	0	1	0
4v6x_CS	Rpl18a	99.43	N	1453	82	0	0	0
2m0g_A	Sf1	98.62	E	1147	2	0	1	0
4x23_U	Cenpc1	96.00	U	40	5	0	1	0
1mcx_A	Anxa1	83.53	U	2394	1	0	1	3
4v6x_Cr	Rpl28	98.54	N	1104	82	0	0	0
2h18_A	Arl8b	84.46	E	1372	1	0	1	3
4wy4_B	Stx17	93.10	U	447	4	0	1	0
2n1o_A	Pin1	100.00	U	274	2	0	1	0
2m8h_A	Rbm7	86.14	U	811	1	0	1	0
4m69_B	Mlkl	100.00	U	2118	2	0	1	0
1q5u_X	Dut	87.76	E	1027	1	0	1	0
4b2t_Q	Cct8	95.62	U	3673	8	0	1	0
1z3i_X	Rad54l	82.30	E	5052	1	0	1	0
1l1f_A	Glud1	98.81	N	3874	1	0	1	0
2voh_B	Bak1	100.00	U	188	2	0	1	0
2y3a_A	Pik3cb	97.44	U	7862	2	0	1	1
5afu_d	Dctn2	100.00	U	126	22	1	1	0
4v6x_Cg	Rpl34	99.15	N	906	82	0	0	0
4jl9_A	Tbk1	99.70	U	5230	1	0	1	0
1sen_A	Txndc12	86.59	U	1030	1	0	1	1
3sop_A	Sept9	74.44	E	1849	1	0	1	0
3jaj_SQ	Rps16	100.00	N	1124	83	0	0	0
4qlc_U	H1f0	80.52	E	575	5	0	1	0
3ktp_B	Tnrc6a	72.73	U	132	2	0	1	0
1wxp_A	Thoc1	80.91	N	838	1	0	1	0
4p5w_A	Slc25a13	74.45	U	2486	1	0	1	0
3unb_J	Psmb2	100.00	U	1570	14	0	1	0
2yug_A	Frg1	95.48	E	1166	1	0	1	0
3egd_B	Sec24b	73.80	U	5780	4	0	1	1
1um2_C	Atp6v1a	80.95	U	53	2	0	1	0
5aj4_BK	Mrpl11	92.19	N	1068	83	1	1	0
3hm5_A	Dmap1	98.92	N	625	1	0	1	1
2cqq_A	Dnajc1	76.39	U	522	1	0	1	0
4d6t_D	Cyc1	97.36	N	1912	9	0	1	0
1bbz_A	Abl2	91.38	E	447	2	0	1	9
3egd_A	Sec23a	98.95	U	5645	4	0	1	0
4v6x_Ck	Rpl38	98.57	U	569	82	0	0	0
4aqs_A	Lamb1	99.43	U	3504	1	0	1	0
2jgb_A	Eif4e2	90.26	U	1524	2	0	1	0
2jgz_B	Ccnb1	93.08	U	2106	2	0	1	0
4at7_B	Ilf3	99.48	U	2440	2	0	1	1
1h95_A	Ybx3	96.20	E	617	1	0	1	0
4ujc_AB	Eif5b	98.88	U	4846	77	0	0	0
3hlm_A	Got2	100.00	U	3155	1	0	1	0
4ytd_A	Bicd2	88.12	E	773	1	0	1	0
1bd9_A	Pebp1	86.10	E	1438	1	0	1	5
3jaj_SA	Rpsa	100.00	U	1642	83	0	0	0
2h06_A	Prps1	97.55	U	2336	1	0	1	0
2c6y_A	Foxk1	78.38	E	818	1	0	1	3
2cs3_A	Irf2bp1	70.97	E	667	1	0	1	0
1fap_B	Mtor	100.00	U	807	2	0	1	0
4icz_A	Ptpn9	95.54	U	2307	2	0	1	0
4ewh_A	Tnk2	98.91	U	2209	1	0	1	0
5bnx_D	Asf1b	96.84	E	1230	4	0	1	0
4kzy_n	Eif1ax	100.00	U	648	35	0	1	0
2d10_E	Slc9a3r1	100.00	E	146	2	0	1	0
4v6x_Ah	Serbp1	98.28	U	566	82	0	0	0
3j9t_B	Atp6v1b2	73.89	U	3585	11	0	1	0
3l6x_A	Ctnnd1	96.75	U	3362	2	0	1	0
1s9k_E	Junb	78.85	U	426	3	0	1	0
4n5x_A	Slc25a24	90.45	U	1250	1	0	1	2
3j9m_X	Mrpl28	83.20	U	2027	81	1	1	0
4z3d_A	Cbr3	73.91	E	2085	1	0	1	2
1u7f_A	Smad3	100.00	E	1571	2	0	1	0
1unl_A	Cdk5	99.32	U	2346	2	0	1	0
2ch0_A	Lemd3	87.97	U	1118	1	0	1	0
4l79_A	Myo1b	96.24	U	5972	2	0	1	0
5d1k_B	Rnf25	93.23	U	900	2	0	1	0
3j9m_A0	Mrps34	89.45	U	1684	81	1	1	0
4jd2_A	Actr3	99.76	U	3170	8	0	1	0
1uw4_B	Upf2	100.00	U	2057	2	0	1	0
3j0s_M	Cfl2	81.33	U	1296	2	0	1	1
4rhp_A	Coq9	95.32	E	1517	1	0	1	0
2kxj_A	Ubxn4	85.56	E	713	1	0	1	1
3mtl_A	Cdk17	79.01	E	2277	1	0	1	0
1t2k_A	Irf3	83.93	E	912	3	0	1	0
2o13_A	Csrp1	74.14	E	443	1	0	1	6
2c9o_A	Ruvbl1	99.78	U	3061	1	0	1	0
4pjw_B	Rad21	99.29	U	603	2	0	1	0
2nt2_A	Ssh2	98.62	E	1176	1	0	1	0
3jaj_SK	Rps10	100.00	N	827	83	0	0	0
1wi5_A	Pdcd11	71.43	N	869	1	0	1	0
2ax4_A	Papss2	96.46	E	1544	1	0	1	0
7znf_A	Zfx	80.00	E	253	1	0	1	4
1yj5_A	Pnkp	100.00	U	2955	1	0	1	0
2r02_A	Pdcd6ip	95.27	E	5486	2	0	1	0
4tnr_A	Samhd1	76.65	U	3933	1	0	1	0
2jy6_B	Ubqln1	88.46	U	396	2	0	1	0
3dyu_A	Snx9	96.72	U	2977	1	0	1	0
4b2t_E	Cct5	95.56	N	3674	8	0	1	0
2v40_A	Adss	93.03	E	3256	1	0	1	0
1df0_A	Capn2	97.86	U	4964	2	0	1	1
4eb4_A	Tyms	100.00	N	2412	1	0	1	0
1t2a_A	Gmds	92.00	U	2718	1	0	1	0
1hcs_B	Src	99.07	U	865	2	0	1	38
4han_A	Lgals8	80.55	U	2327	2	0	1	4
1djl_A	Nnt	98.07	N	1377	1	0	1	0
3j9m_AX	Dap3	80.65	N	2531	81	1	1	0
3r90_A	Mcts1	94.15	U	1430	1	0	1	0
5afu_K	Capza2	86.18	U	2202	22	1	1	0
2gli_A	Gli3	87.10	E	1270	1	0	1	0
1kvk_A	Mvk	88.10	E	2816	1	0	1	0
4v6x_CB	Rpl3	98.51	N	3202	82	0	0	0
4h87_A	Slc4a1ap	80.77	E	945	1	0	1	0
5aj4_AR	Mrps18c	92.78	U	774	83	1	1	0
3laq_A	Plau	100.00	N	981	2	0	1	0
2rqy_A	Manf	92.40	U	1390	1	0	1	3
4c0d_B	Cnot2	98.01	E	1558	3	0	1	0
5aj4_BJ	Mrpl10	78.24	U	1346	83	1	1	0
1hf8_A	Picalm	100.00	U	2114	1	0	1	0
4fq3_A	Tnpo1	99.66	U	6610	2	0	1	0
1dub_A	Echs1	96.55	U	1975	1	0	1	0
3vhs_A	Wrnip1	82.76	U	197	1	0	1	0
1ikn_A	Rela	100.00	E	2262	3	0	1	0
2bp1_A	Akr7a5	88.06	E	2480	1	0	1	1
1utu_A	2210018M11Rik	99.07	U	758	1	0	1	0
2btp_A	Ywhaq	91.02	U	1942	2	0	1	0
2l0y_B	Gm21987	80.60	U	168	2	0	1	3
5flm_G	Polr2g	100.00	N	1334	12	0	1	0
1ckk_B	Camkk2	80.77	E	213	2	0	1	1
3j1t_C	Tubb4b	98.59	U	3360	3	0	1	0
2rqg_B	Pabpc4	91.57	U	626	2	0	1	2
4qq4_A	Morc3	96.77	U	395	2	0	1	0
5a2q_b	Rps27l	89.02	N	640	36	1	1	0
3b7g_A	Ddx20	94.78	U	1578	1	0	1	1
4ovu_B	Pik3r1	99.28	U	2281	2	0	1	3
2v1d_A	Kdm1a	99.86	N	5217	3	0	1	0
1npe_B	Lamc1	100.00	U	1196	2	0	1	0
4pj6_A	Lnpep	86.93	U	6954	1	0	1	0
1eo6_A	Gabarapl2	100.00	E	951	1	0	1	0
3fhc_A	Nup214	88.89	E	2967	2	0	1	0
4pbz_B	Mta1	100.00	U	178	2	0	1	0
3cjw_A	Nr2f2	98.77	U	1635	1	0	1	0
2ftc_C	Mrpl3	86.73	N	211	16	0	1	0
3l1z_B	Ube4b	92.00	U	634	2	0	1	1
2rsv_A	Vrk1	84.12	U	3237	1	0	1	4
1ghc_A	Hist1h1a	81.33	N	538	1	0	1	0
2x0l_B	Rcor1	99.25	E	1076	3	0	1	0
1ya0_A	Smg7	95.37	U	3737	1	0	1	0
2jkr_A	Ap2a2	99.68	U	4885	5	0	1	0
2cqi_A	Tia1	74.76	E	773	1	0	1	6
1v6e_A	Tbcb	86.32	E	710	1	0	1	1
1x2k_A	Ostf1	77.94	U	525	1	0	1	3
2a5j_A	Rab2a	84.29	N	1415	1	0	1	2
4hmy_B	Ap1b1	98.81	U	4458	5	0	1	0
2xnd_H	Atp5d	93.13	N	970	6	0	1	0
2w84_B	Pex5	100.00	E	146	2	0	1	0
2x9e_A	Ttk	86.75	U	2068	1	0	1	4
1xcr_A	4931406C07Rik	87.34	E	2422	1	0	1	0
2dgu_A	Hnrnpr	70.87	U	800	1	0	1	2
2p4r_T	Itch	100.00	U	120	2	0	1	0
3ebm_A	Tpt1	91.11	N	1206	1	0	1	2
4v6x_AV	Rps21	95.18	N	625	82	0	0	0
2j7x_B	Ncoa5	100.00	E	80	2	0	1	0
3egh_C	Ppp1r9b	98.24	U	1170	3	0	1	0
4wbe_A	Caprin1	97.50	U	1000	1	0	1	0
2jy6_B	Ubqln2	86.54	U	396	2	0	1	0
2o95_A	Psmd7	99.47	U	1433	1	0	1	0
2wfd_A	Lars	91.27	U	1961	1	0	1	0
3a5t_A	Maff	70.09	U	725	1	0	1	1
3jaj_SY	Rps24	100.00	U	1023	83	0	0	0
4v6x_CH	Rpl9	98.96	N	1526	82	0	0	0
4af3_A	Aurkb	84.25	E	2025	2	0	1	0
2cka_A	Chd8	78.95	U	476	1	0	1	1
4pjo_G	Snrpg	100.00	U	577	9	0	1	0
2cqj_A	Imp3	81.69	U	528	1	0	1	0
1sep_A	Spr	99.62	U	1935	1	0	1	0
2zu6_A	Eif4a1	99.74	U	2743	2	0	1	0
2iwq_A	Mpdz	78.05	E	679	1	0	1	6
3krm_A	Igf2bp2	82.21	E	1217	1	0	1	1
3j96_G	Napa	98.65	U	2255	5	0	1	0
3mwe_B	Acly	98.51	U	2444	2	0	1	0
2ome_A	Ctbp2	99.11	E	2550	1	0	1	0
3j1t_A	Dync1h1	100.00	N	1308	3	0	1	0
1yb5_A	Cryz	76.07	E	2433	1	0	1	0
4hwt_A	Tars	94.19	U	3258	1	0	1	0
2go5_W	Srp54b	100.00	U	865	7	0	1	0
2ekk_A	Huwe1	85.11	N	358	1	0	1	3
4v60_A	Mvp	97.21	U	6204	1	0	0	3
2qpw_A	Prdm2	93.29	U	1183	1	0	1	1
2ot8_C	Hnrnpm	93.33	U	135	2	0	1	0
1br1_A	Myh10	82.80	U	6337	2	0	1	1
2f9d_A	Sf3b6	100.00	U	945	2	0	1	0
4v6x_CJ	Rpl11	100.00	N	1349	82	0	0	0
3efj_A	Met	96.77	U	2166	1	0	1	27
1x5t_A	Sf3b4	86.46	E	715	1	0	1	1
2r2j_A	Erp44	93.19	U	2694	1	0	1	0
5apa_A	Asph	88.64	U	1589	1	0	1	0
3jaj_Y	Rpl26	100.00	N	1115	83	0	0	0
3thw_A	Msh2	92.51	N	6939	2	0	1	0
2dx5_A	Vps36	100.00	E	828	2	0	1	0
3w6n_A	Dnm1l	90.93	E	2639	1	0	1	0
2b4e_A	Coro1c	72.39	U	2984	1	0	1	1
4h22_A	Lrrfip1	83.50	E	684	1	0	1	0
2nyl_B	Ppp2r5e	72.94	U	3131	4	0	1	0
1r8q_A	Arf1	100.00	U	1439	2	0	1	0
1sgh_A	Msn	99.66	U	2444	2	0	1	0
2hh3_A	Khsrp	93.40	E	542	1	0	1	5
2pdz_A	Sntb2	75.58	E	648	2	0	1	2
3fcx_A	Esd	91.49	U	2111	1	0	1	0
4oyu_A	Mkln1	99.49	N	1487	1	0	1	1
1e6e_A	Fdxr	89.13	U	3518	2	0	1	0
4ova_A	Fmr1	98.09	U	1568	1	0	1	2
2bsk_B	Timm10	100.00	U	507	2	0	1	0
4rvt_A	Map4k4	99.09	N	2223	1	0	1	1
5a5b_J	Psmc5	73.58	N	2928	35	1	1	2
3ndq_A	Tcea1	93.52	E	765	1	0	1	1
2gut_A	Med15	94.81	U	615	1	0	1	0
4uj3_B	Rab3ip	94.36	U	1288	3	0	1	0
2yqr_A	2810403A07Rik	94.12	U	901	1	0	1	0
4v5z_Bw	Rpl7	91.85	U	1281	50	0	0	0
4xi7_A	Mib1	99.47	E	2831	2	0	1	0
2dat_A	Smarca4	79.67	N	974	1	0	1	6
3q2e_A	Phip	71.54	N	862	1	0	1	1
2zme_C	Vps25	99.02	E	838	3	0	1	0
4jd2_D	Arpc2	99.00	U	2280	8	0	1	0
2do1_A	Sarnp	72.73	U	412	1	0	1	0
1x9n_A	Lig1	91.42	U	4894	1	0	1	0
2wfj_A	Ppig	98.88	E	1343	2	0	1	0
3zfw_A	Klc2	100.00	E	1794	2	0	1	0
5a2f_A	Alcam	92.97	U	1757	1	0	1	0
3jaj_V	Rpl23	100.00	N	979	83	0	0	0
1txq_B	Mapre1	98.84	E	523	2	0	1	2
2lnh_A	Wasl	98.46	E	510	3	0	1	0
1rdt_B	Ncoa1	100.00	E	77	4	0	1	0
2ux0_A	Camk2g	97.90	E	1070	1	0	1	0
2ee5_A	Arhgap5	94.98	E	1774	1	0	1	1
1ow3_A	Arhgap1	95.04	U	1583	2	0	1	0
1ghc_A	Hist1h1d	86.67	U	538	1	0	1	0
3a60_A	Rps6kb1	99.39	E	2107	1	0	1	3
4o38_A	Gak	92.01	E	2129	1	0	1	0
3p0u_A	Nr2c1	70.68	E	1764	1	0	1	0
3jaj_ST	Rps19	95.74	N	1101	83	0	0	0
1avo_A	Psme1	96.67	E	475	2	0	1	0
1elw_A	Stip1	97.46	E	932	2	0	1	0
1b64_A	Eef1b2	96.70	E	708	1	0	1	0
5aj4_AI	Mrps9	80.71	N	2454	83	1	1	0
2f4o_B	Rad23b	98.36	E	505	3	0	1	0
4hnd_A	Pi4k2a	88.02	U	2867	1	0	1	0
3ikk_A	Vapb	96.06	U	992	1	0	1	1
3exe_B	Pdhb	95.14	N	2519	2	0	1	0
5afu_U	Dctn6	87.50	U	826	22	1	1	0
1qh3_A	Hagh	91.15	U	2028	1	0	1	0
3ktr_B	Atxn2	100.00	E	131	2	0	1	0
5aj4_AP	Mrps16	92.31	N	923	83	1	1	0
4ejx_A	Cp	82.91	U	8380	3	0	1	2
1okc_A	Slc25a4	94.95	U	2254	1	0	1	1
4wii_A	Sfpq	98.86	U	2041	1	0	1	0
4wsi_A	Mpp5	98.22	E	2938	2	0	1	0
2loz_A	Tns2	95.92	E	1125	2	0	1	0
3mcb_A	Naca	100.00	U	420	2	0	1	0
1x1m_A	Ubl7	88.79	E	810	1	0	1	0
3fga_A	Ppp2r1a	100.00	U	4532	5	0	1	0
1o0p_A	U2af2	100.00	U	837	2	0	1	0
1ikn_D	Nfkbia	92.37	U	1589	3	0	1	0
2e1f_A	Wrn	77.67	E	724	1	0	1	8
3qbv_B	Itsn1	99.15	U	2164	2	0	1	1
4r3o_L	Psmb5	96.52	N	1548	14	0	1	0
4c6i_A	Cad	92.88	U	2795	1	0	1	0
3ber_A	Ddx47	86.75	U	1688	1	0	1	0
2lkz_A	Rbm5	90.53	U	738	1	0	1	2
4x44_A	Aprt	83.33	E	1352	1	0	1	0
4p6z_S	Ap1s1	89.24	U	1231	6	0	1	0
2mb9_A	Bcl10	93.22	E	865	1	0	1	0
1e3w_B	Hsd17b10	93.87	U	1809	1	0	1	0
1nx0_A	Capns1	95.38	N	1395	3	0	1	0
4nlh_A	Tax1bp1	95.65	U	936	1	0	1	0
1zr9_A	Zfp593	85.48	E	530	1	0	1	0
4n6j_A	Strn3	88.00	E	402	1	0	1	0
5cw6_A	Brcc3	87.40	U	1163	1	0	1	0
5e6p_A	Plxnb2	99.36	U	3946	2	0	1	0
4i3z_B	Ccna2	100.00	E	2069	2	0	1	0
4uae_A	Kpna3	89.79	E	3219	2	0	1	0
2diy_A	Glrx3	71.54	E	968	1	0	1	3
2vzd_C	Pxn	100.00	E	89	2	0	1	0
1f95_A	Dynll1	100.00	U	728	2	0	1	0
1awc_A	Gabpa	100.00	U	907	2	0	1	0
2k6q_A	Map1lc3b	99.17	E	1001	2	0	1	0
3enm_A	Map2k3	76.58	U	2223	1	0	1	2
4tz7_A	Pip5k1a	74.87	U	2290	1	0	1	0
3ecr_A	Hmbs	90.11	U	2420	1	0	1	1
2v55_B	Rnd3	100.00	U	1383	2	0	1	0
2yqp_A	Ddx59	78.33	U	460	1	0	1	0
3hkv_A	Parp10	70.05	E	1535	1	0	1	0
1klq_A	Mad2l1	93.91	E	1589	2	0	1	1
4g5r_A	Gnai3	98.18	N	2432	2	0	1	0
1u0h_C	Gnas	91.88	N	2702	3	0	1	0
1v5u_A	Sbf1	89.74	E	917	1	0	1	0
5a5b_9	Rps27a	100.00	N	601	35	1	1	0
1foe_B	Rac1	100.00	U	1384	2	0	1	0
3v9j_A	Aldh4a1	95.74	U	4122	1	0	1	0
5afu_H	Actg1	99.73	U	2838	22	1	1	0
4r8p_B	Hist1h4j	100.00	N	675	6	0	1	0
4eak_B	Prkab1	98.61	E	340	3	0	1	0
4rz9_A	Prpf38a	98.32	N	1484	1	0	1	1
2w83_C	Spag9	89.61	E	530	2	0	1	0
3cfs_B	Rbbp7	99.28	U	3068	2	0	1	0
4g1n_A	Pkm	97.88	U	3965	1	0	1	0
2lxt_C	Creb1	100.00	U	274	3	0	1	0
5afv_A	Chka	89.15	U	2941	1	0	1	0
3jaj_SN	Rps13	100.00	N	1202	83	0	0	0
2xrp_I	Dclk1	81.05	E	776	3	0	1	3
2gjx_A	Hexa	84.62	U	4010	2	0	1	0
4pjo_K	Snrnp70	98.33	U	477	9	0	1	2
4v6x_CT	Rpl21	99.38	N	1298	82	0	0	0
3gtu_B	Gstm5	87.95	E	1857	2	0	1	0
2ji4_A	Prpsap2	93.40	E	2336	1	0	1	0
4wyu_A	Scrib	91.98	E	1483	2	0	1	0
2ctd_A	Zfp512	81.25	E	724	1	0	1	0
4f52_E	Glmn	86.07	U	4202	3	0	1	0
3qq8_B	Faf1	94.12	U	662	2	0	1	3
2n3a_A	Pogz	100.00	U	129	2	0	1	0
4rlv_A	Ank2	78.13	E	6260	1	0	1	2
2ix7_C	Myo5a	100.00	N	484	2	0	1	0
1o5t_A	Wars	93.12	E	3056	1	0	1	0
2o10_A	Csrp2	73.33	U	467	1	0	1	7
3jaj_Sa	Rps26-ps1	100.00	N	781	83	0	0	0
2isi_A	Apex1	94.32	U	2198	1	0	1	17
5afu_A	Actr1b	91.08	N	2907	22	1	1	0
2ek1_A	Rbm12	85.26	U	606	1	0	1	3
2m9y_A	Arih1	95.95	U	574	1	0	1	3
3bh7_A	Arl3	98.17	E	1278	2	0	1	1
1fnx_H	Elavl1	70.11	U	1346	1	0	1	7
3iy9_N	Mrpl24	88.54	U	96	19	0	1	0
2xv5_A	Lmnb2	70.27	E	475	1	0	1	0
3e04_A	Fh1	91.84	N	3374	1	0	1	0
1x3s_A	Rab18	93.85	U	1405	1	0	1	0
3aa0_C	Lrrc16a	100.00	U	169	3	0	1	0
2as5_F	Foxp1	86.02	U	707	2	0	1	1
3u88_C	Psip1	100.00	U	674	3	0	1	0
2p8e_A	Ppm1a	75.90	E	2193	1	0	1	9
4k7n_A	Prdx5	86.31	U	1190	1	0	1	5
3iyg_H	Cct7	97.28	N	515	8	0	1	0
4jbm_A	Aim2	99.48	E	1512	1	0	1	1
1y8r_A	Sae1	89.02	U	2462	3	0	1	0
1jh4_B	Paip1	90.91	E	171	2	0	1	1
2qag_B	Sept6	96.25	U	1369	3	0	1	0
4ova_A	Fxr1	71.29	U	1568	1	0	1	7
2o8n_A	Apoa1bp	97.36	E	1808	1	0	1	0
4l7x_A	Dido1	95.24	U	462	2	0	1	0
3e77_A	Psat1	87.27	N	2788	1	0	1	0
3jag_DD	Rps3	100.00	N	1764	80	0	0	0
3t98_A	Nup54	98.04	U	327	2	0	1	0
4cdg_A	Blm	91.83	U	4910	2	0	1	3
4p2a_B	Snx27	96.04	U	719	2	0	1	0
2hvz_A	Srsf7	86.14	E	798	1	0	1	0
4c3z_A	Abcc1	83.08	N	1758	1	0	1	1
1x48_A	Eif2ak2	86.36	U	647	1	0	1	1
2ezd_A	Hmga1	96.00	E	156	1	0	1	1
1c4z_A	Ube3a	98.88	U	2861	2	0	1	0
4q9u_B	Rab5a	99.42	U	1194	3	0	1	2
2rne_A	Tial1	82.61	U	876	1	0	1	6
5aj4_Bb	Mrpl38	87.63	N	2901	83	1	1	0
2ci8_A	Nck1	97.98	U	805	1	0	1	0
2kwj_A	Dpf2	80.70	N	880	2	0	1	1
2cqx_A	Cers5	81.94	U	565	1	0	1	0
4v6x_AU	Rps20	100.00	N	822	82	0	0	0
3tsr_E	Rnh1	99.78	U	3472	2	0	1	0
1r2s_A	Tpi1	95.97	U	1869	1	0	1	0
2ipx_A	Fbl	100.00	U	1715	1	0	1	0
3ckk_A	Mettl1	91.49	U	1533	1	0	1	0
2cmj_A	Idh1	99.76	U	3242	1	0	1	0
2iwl_X	Pik3c2a	98.57	U	1016	1	0	1	0
2vq3_A	Steap3	88.37	U	1367	1	0	1	0
2fb7_A	Lsm14a	84.21	E	637	1	0	1	1
4d18_A	Gps1	97.08	U	3348	8	0	1	0
1h95_A	Ybx1	98.73	U	617	1	0	1	0
4xoi_B	Anln	87.04	E	1623	2	0	1	2
4n8m_A	Npm1	97.74	U	815	1	0	1	0
3jbt_A	Apaf1	86.59	E	9139	2	0	1	3
3cb2_A	Tubg1	93.47	N	3325	1	0	1	0
2n16_A	Dhx36	80.00	N	164	1	0	1	1
2fuh_A	Ube2d3	97.95	U	1166	2	0	1	0
1wj7_A	Ubap2l	88.46	U	783	1	0	1	0
2aff_A	Mki67	75.00	U	780	2	0	1	0
1cb5_A	Blmh	92.94	N	3674	1	0	1	0
1vg9_B	Rab7	100.00	U	1335	2	0	1	0
4h6y_A	Farp1	94.81	U	3005	1	0	1	0
1va2_A	Sp2	80.65	U	269	1	0	1	1
3ny3_A	Ubr2	92.00	U	540	2	0	1	0
3tad_C	Ppfibp1	98.49	E	1961	2	0	1	0
2f43_G	Atp5c1	95.24	U	954	3	0	1	0
1hqt_A	Akr1a1	90.49	E	2571	1	0	1	7
3ny3_A	Ubr1	70.67	U	540	2	0	1	1
1fap_A	Fkbp1a	76.64	E	832	2	0	1	0
3dlm_A	Setdb1	95.77	U	1702	1	0	1	0
3ifq_A	Jup	99.82	U	4172	2	0	1	0
2hwy_A	Smg5	93.29	E	921	1	0	1	0
3hpb_A	Snx6	72.67	U	1242	1	0	1	1
3au4_A	Myo10	96.04	E	4200	2	0	1	0
1p47_A	Egr3	88.51	U	730	1	0	1	0
4n78_B	Nckap1	99.38	N	8687	6	0	1	0
3g33_A	Cdk4	93.18	U	2268	2	0	1	0
5cr7_A	Nt5c2	96.39	E	3722	1	0	1	0
4yvd_A	Plrg1	96.79	U	2286	1	0	1	0
1hlu_P	Pfn1	95.71	U	1047	2	0	1	0
3qx3_A	Top2b	93.65	N	5416	1	0	1	0
1cff_B	Atp2b1	95.00	U	177	2	0	1	0
3jaj_SO	Rps14	100.00	N	1016	83	0	0	0
3o46_A	Mpp7	90.32	U	617	1	0	1	0
1s9k_E	Jun	100.00	U	426	3	0	1	0
2dnw_A	Ndufab1	84.85	U	765	1	0	1	0
3unf_K	Psmb8	100.00	E	1566	14	0	1	0
3ap2_A	Tpst2	89.61	N	2359	2	0	1	0
3zi1_A	Glod4	76.06	E	2151	1	0	1	0
4e5y_A	Tsta3	93.77	U	2433	1	0	1	0
4r8g_E	Myo1c	98.81	U	2475	2	0	1	0
1ghc_A	Hist1h1e	86.67	E	538	1	0	1	0
1mzw_A	Ppih	87.57	U	1323	2	0	1	0
2rmc_A	Ppic	100.00	U	1397	2	0	1	0
1d9s_A	Cdkn2b	95.59	E	1005	1	0	1	0
1s9i_A	Map2k2	91.81	E	2385	1	0	1	0
3wja_A	Me1	88.79	U	4364	1	0	1	0
1k1f_A	Bcr	95.83	E	554	1	0	1	0
2e3l_A	Gtf2i	74.75	U	743	1	0	1	5
3ln3_A	Akr1c13	99.38	U	2608	1	0	1	0
3voy_A	Gls	99.05	U	2428	1	0	1	0
4c3p_B	Tpx2	79.07	E	134	2	0	1	0
5aj1_A	Smarcb1	97.39	N	907	1	0	1	0
1wgv_A	Nudcd3	83.06	U	950	1	0	1	0
2c2n_A	Mcat	75.22	U	2441	1	0	1	0
2dww_A	Brd4	100.00	U	925	1	0	1	0
1v1t_A	Sdcbp	92.17	U	1252	2	0	1	0
4ct6_A	Cnot1	100.00	U	1833	2	0	1	0
3qby_A	Hdgfrp2	98.94	U	736	2	0	1	1
2kfy_A	Hnrnpf	71.32	U	803	1	0	1	9
1wez_A	Hnrnph1	85.29	U	757	1	0	1	2
2l1l_B	Xpo1	100.00	U	1037	2	0	1	0
1jeg_A	Csk	100.00	E	472	2	0	1	0
1nsh_A	S100a11	83.17	E	793	1	0	1	0
2mam_A	Arid4b	79.66	U	925	1	0	1	0
4f38_B	Arhgdia	98.53	U	1516	2	0	1	2
4hvc_A	Eprs	87.86	U	3812	1	0	1	1
3j92_0	Ltn1	85.45	N	293	47	0	0	0
2qld_A	Dnajb1	97.27	U	1359	1	0	1	0
5a9q_1	Nup160	90.53	U	4997	10	1	1	0
4f14_A	Lasp1	70.31	E	458	2	0	1	4
4pln_C	Neo1	97.07	U	1604	2	0	1	0
4fme_C	Arf6	100.00	E	1297	3	0	1	0
2qfa_B	Cdca8	83.87	U	539	3	0	1	0
2cq0_A	Eif3g	88.35	U	785	1	0	1	1
1wyx_A	Bcar1	95.65	E	534	1	0	1	0
1zzj_A	Hnrnpk	90.24	U	549	1	0	1	3
1wjp_A	Zbtb21	78.50	E	832	1	0	1	0
1l8o_A	Psph	93.78	E	1742	1	0	1	0
1irs_A	Irs2	75.00	E	885	2	0	1	0
4joi_A	Obfc1	75.30	U	1165	2	0	1	1
2jx0_A	Git2	70.37	E	1024	1	0	1	0
3r27_A	Hnrnpl	91.00	U	639	1	0	1	10
3msx_A	Rhob	87.78	U	1405	2	0	1	2
1x67_A	Dbnl	88.36	E	1075	1	0	1	0
2mvw_A	Pml	82.35	U	406	1	0	1	0
2dad_A	Aim1	76.34	U	695	1	0	1	1
1kbh_A	Ncoa3	97.87	E	358	2	0	1	0
2jfl_A	Slk	91.69	U	2274	1	0	1	1
1wi9_A	Ddrgk1	83.33	E	546	1	0	1	0
2ct1_A	Ctcf	83.12	U	592	1	0	1	1
2cv5_C	Hist1h2ah	98.46	N	835	4	0	1	0
2rli_A	Sco2	85.96	U	1370	1	0	1	0
4v6x_Cd	Rpl31	92.00	N	931	82	0	0	0
2yud_A	Ythdc1	96.67	E	1424	1	0	1	3
1ua2_A	Cdk7	95.09	E	2291	1	0	1	0
4pyu_C	Sart1	100.00	U	146	2	0	1	0
2knh_B	Tcf12	100.00	E	138	2	0	1	0
4qgn_A	Adi1	82.51	N	1487	1	0	1	1
2j8p_A	Cstf2	95.92	U	382	1	0	1	1
2bzl_A	Ptpn14	87.08	E	2235	1	0	1	0
4m69_A	Ripk3	99.36	U	2274	2	0	1	0
2ak2_A	Ak2	92.70	U	1699	1	0	1	2
2ct2_A	Trim32	86.36	U	656	1	0	1	0
2ebu_A	Rfc1	87.50	U	827	1	0	1	2
2le8_A	Mcm6	92.11	U	938	2	0	1	0
3jaj_K	Rpl12	99.39	U	1238	83	0	0	0
5afu_A	Actr1a	99.73	U	2907	22	1	1	0
4pj1_1	Hspe1	85.96	U	756	2	0	1	0
4r3z_A	Aimp1	82.69	U	617	3	0	1	3
1rk4_A	Clic1	97.53	U	1686	1	0	1	6
2vci_A	Hsp90aa1	99.58	U	1632	1	0	1	11
4a4h_A	Smndc1	98.44	E	486	1	0	1	1
2dba_A	Unc45a	83.11	U	1098	1	0	1	0
3jaj_b	Gm17669	93.33	N	610	83	0	0	0
4w9n_A	Fasn	85.84	N	2401	1	0	1	1
1k9c_A	Canx	70.27	N	619	1	0	1	1
4o59_O	Gapdh	94.88	E	2513	1	0	1	0
1h7c_A	Tbca	94.44	U	866	1	0	1	0
2ybb_O	Cox4i1	85.71	N	1195	37	1	1	0
3sde_A	Pspc1	99.23	N	2067	2	0	1	0
4p2g_A	Park7	91.53	U	1377	1	0	1	1
1uj0_A	Stam2	93.55	U	470	2	0	1	0
4wqo_D	Cul2	84.41	U	1168	4	0	1	0
2o8a_I	Ppp1r2	100.00	E	495	2	0	1	0
1nsk_L	Gm20390	98.03	E	1200	1	0	1	0
3j0s_M	Dstn	70.48	U	1296	2	0	1	2
4wm0_A	Xxylt1	100.00	U	2440	2	0	1	0
3qnf_A	Erap1	83.23	U	5277	1	0	1	3
2vxo_A	Gmps	94.84	U	4951	1	0	1	0
4pyq_A	Comt	93.67	E	1673	1	0	1	28
2dt7_A	Sf3a3	97.37	U	312	2	0	1	0
2mv7_A	Mllt3	100.00	U	572	2	0	1	0
2jm6_B	Mcl1	97.53	N	1288	2	0	1	0
1gbn_A	Oat	92.04	U	3150	1	0	1	0
4qut_A	Atad2	97.69	U	1084	2	0	1	0
3fpd_A	Ehmt1	95.40	E	2081	1	0	1	2
1zzj_A	Gm7964	95.12	E	549	1	0	1	3
3edl_D	Kif2c	100.00	U	2368	3	1	1	0
1jhw_A	Capg	88.47	E	2436	1	0	1	1
2dh8_A	Dazap1	85.71	E	779	1	0	1	1
3e87_A	Akt2	98.51	E	2648	2	0	1	6
4i0k_A	Cd276	96.40	U	1513	1	0	1	0
4ini_A	Hint2	86.92	U	791	1	0	1	0
4nuq_A	Cdh2	99.53	E	1648	1	0	1	1
3cqg_A	Nup107	93.09	U	1817	2	0	1	0
1x4e_A	Rbms1	77.65	U	608	1	0	1	1
2jzi_B	Ppp3ca	100.00	U	197	2	0	1	0
4r3z_C	Qars	87.23	U	4339	3	0	1	0
1fbv_C	Ube2l3	100.00	E	1151	3	0	1	0
3mne_A	Nr3c1	98.08	E	2037	2	0	1	3
1wry_A	Sh3bgrl	85.12	U	924	1	0	1	1
2nml_A	Erh	100.00	U	816	1	0	1	1
4ic2_A	Xiap	91.89	E	495	1	0	1	0
4y5o_A	Ccm2	95.92	E	619	2	0	1	0
4apo_A	Aip	94.55	U	1109	2	0	1	0
2y4t_A	Dnajc3	92.67	U	3414	1	0	1	2
2mvf_A	Nsa2	77.66	U	725	1	0	1	0
2k3w_A	Vps4a	97.62	E	605	2	0	1	0
2ckk_A	Kin	91.34	U	949	1	0	1	1
3tw4_A	Sept7	100.00	U	1512	1	0	1	0
3i4u_A	Dhx8	86.67	U	1952	1	0	1	1
1z60_A	Gtf2h2	93.22	N	464	1	0	1	0
3jaj_U	Rpl22	100.00	N	808	83	0	0	0
2db2_A	Dhx30	90.76	U	901	1	0	1	0
3u9g_A	Zc3hav1	92.14	N	1734	1	0	1	0
1x0f_A	Hnrnpdl	70.89	U	636	1	0	1	5
2x51_A	Myo6	97.47	U	5950	2	0	1	1
3rf3_A	Vcl	100.00	E	1988	2	0	1	0
3tni_B	Ccnt1	96.91	U	2064	2	0	1	0
3une_A	Psma2	99.57	N	1817	14	0	1	0
2mvn_A	Eef1d	81.82	U	351	1	0	1	2
4f7b_A	Scarb2	79.20	U	3093	1	0	1	5
4z8l_A	Vprbp	97.42	E	2432	3	0	1	0
1y1u_A	Stat5b	96.24	E	4431	1	0	1	0
4pjo_D	Snrpd2	100.00	U	796	9	0	1	0
1cks_A	Cks2	98.73	N	653	1	0	1	0
2dnm_A	Srsf2	71.84	E	800	1	0	1	3
2h31_A	Paics	95.06	U	2978	1	0	1	0
4q58_A	Macf1	77.88	U	1851	2	0	1	0
5a5t_H	Eif3h	97.16	N	2624	8	0	1	0
5a9q_A	Nup155	94.90	U	5436	10	1	1	0
4u7i_A	Spg20	88.42	E	726	2	0	1	0
2zpy_B	Cd44	100.00	N	71	2	0	1	0
1g25_A	Mnat1	100.00	U	504	1	0	1	0
1gl2_D	Stx8	93.85	U	418	4	0	1	0
3f8u_A	Pdia3	93.35	U	3724	2	0	1	1
4i4t_A	Tuba1b	100.00	U	3486	4	0	1	0
4fi9_B	Syne2	100.00	U	117	2	0	1	0
5drv_A	G3bp2	97.89	U	1063	2	0	1	0
2qnd_A	Fxr2	74.31	E	1108	1	0	1	5
2ast_C	Cks1b	100.00	U	599	4	0	1	0
1ekf_A	Bcat2	83.84	U	2910	1	0	1	0
3j9m_r	Mrps18a	81.12	U	1203	81	1	1	0
3unb_E	Psma1	100.00	U	1872	14	0	1	0
3gzn_A	Nae1	97.00	U	4095	3	0	1	0
2mxw_A	Rbm10	77.17	U	768	1	0	1	3
3p5c_L	Ldlr	84.55	E	3441	3	0	1	3
3s4w_A	Fanci	99.54	U	9506	2	0	1	0
2e30_A	Chp1	98.97	U	1580	2	0	1	0
2lna_A	Afg3l2	87.88	U	812	1	0	1	0
3dad_A	Fhod1	93.81	E	2478	1	0	1	0
4ldq_A	Mri1	85.91	E	2630	1	0	1	0
2rpq_B	Atf7ip	71.43	E	84	2	0	1	0
1btn_A	Sptbn1	100.00	U	864	1	0	1	2
3va4_A	Mdc1	87.12	E	869	2	0	1	0
1yrp_A	Dapk3	94.96	E	2245	1	0	1	0
2bsk_A	Timm9	97.75	E	573	2	0	1	0
3jag_jj	Abce1	100.00	U	4551	80	0	0	0
4xss_F	Igf1r	100.00	E	104	3	0	1	0
1f3u_A	Gtf2f2	99.15	N	895	2	0	1	0
4cz2_A	Rab32	82.17	U	1388	2	0	1	0
2izz_A	Pycr1	86.02	E	1969	1	0	1	3
4p22_A	Uba1	91.70	U	2851	1	0	1	3
3idb_B	Prkar2b	100.00	E	1143	2	0	1	0
3t7l_A	Zfyve16	92.22	E	581	1	0	1	0
3tyy_A	Lmnb1	76.84	U	622	1	0	1	3
1wgm_A	Ube4a	85.71	U	762	1	0	1	0
2h06_A	Prps2	93.25	U	2336	1	0	1	0
3tfy_A	Naa50	97.04	U	1260	2	0	1	2
3gd4_A	Aifm1	100.00	N	3437	1	0	1	1
2dar_A	Pdlim5	85.56	E	681	1	0	1	2
4bx9_A	Vps33a	96.20	N	4570	2	0	1	0
4qut_A	Atad2b	70.77	U	1084	2	0	1	2
1glp_A	Gstp1	100.00	U	1654	1	0	1	0
4dow_A	Orc1	99.39	U	1263	2	0	1	0
4d18_H	Cops8	93.43	E	1383	8	0	1	0
1whr_A	R3hdm1	70.97	E	1000	1	0	1	0
3j9m_f	Mrpl48	79.38	U	1039	81	1	1	0
2yps_A	Snx12	80.60	E	798	1	0	1	1
1zs9_A	Enoph1	93.10	E	1975	1	0	1	1
3k26_A	Eed	100.00	U	2916	2	0	1	0
1cjy_A	Pla2g4a	94.53	N	4876	1	0	1	2
2e19_A	Zeb1	82.81	E	479	1	0	1	0
3ms6_A	Lamtor5	90.91	U	666	1	0	1	0
4tz7_A	Pip5k1c	72.08	U	2290	1	0	1	0
3u1u_A	Rtf1	99.27	U	1048	1	0	1	0
2o2k_A	Mtr	86.20	U	2631	1	0	1	1
3b2z_A	Adamts4	91.46	U	2176	1	0	1	4
3bxw_A	Chid1	89.82	U	2923	1	0	1	0
3zzz_A	Ptbp2	76.92	U	823	2	0	1	4
2v52_M	Mkl1	100.00	N	246	2	0	1	0
2pla_A	Gpd1l	95.42	U	2594	1	0	1	0
4qwn_B	Kdm2a	100.00	U	528	3	0	1	0
1ydi_B	Actn1	100.00	U	197	2	0	1	0
3juv_A	Cyp51	89.59	N	3605	1	0	1	0
1ikn_C	Nfkb1	100.00	U	916	3	0	1	0
2hye_A	Ddb1	99.39	N	8920	4	0	1	1
2dk2_A	Syncrip	73.20	U	743	1	0	1	2
4bkx_B	Hdac1	99.38	U	2964	2	0	1	0
1re0_A	Arf5	83.54	E	1304	2	0	1	2
3v79_K	Notch2	77.73	U	1683	4	0	1	4
4xht_A	Timeless	81.55	U	733	1	0	1	0
1is2_A	Acox1	96.07	N	5028	1	0	1	0
4dzo_A	Mad1l1	84.55	E	949	1	0	1	0
2eaq_A	Lmo7	84.44	E	705	1	0	1	0
4xuu_A	Inpp5f	88.76	E	1368	1	0	1	0
2f8n_G	H2afy	99.17	U	823	6	0	1	0
3j04_A	Myh14	71.40	U	7214	3	0	1	2
2eo2_A	Mthfd1l	90.14	U	555	1	0	1	0
3llm_A	Dhx9	93.62	N	1855	1	0	1	1
1a12_A	Rcc1	93.95	U	3000	1	0	1	0
1e98_A	Dtymk	80.00	E	1665	1	0	1	1
3e7o_A	Mapk9	97.22	E	2750	1	0	1	1
4bkx_B	Hdac2	86.10	U	2964	2	0	1	3
2r28_C	Ppp3cb	96.00	U	123	2	0	1	0
3qkk_A	Akt3	84.46	E	2676	2	0	1	2
4pzy_A	Kras	93.53	U	1355	1	0	1	16
2dn9_A	Dnaja3	83.54	E	619	1	0	1	1
2rqu_A	Asap1	100.00	N	499	2	0	1	0
3wps_A	Racgap1	87.02	E	1588	1	0	1	3
2err_A	Rbfox2	78.90	U	711	1	0	1	1
5din_A	Lnx2	93.08	E	982	1	0	1	0
4aj5_1	Ska3	74.26	U	740	3	0	1	0
2xdw_A	Prep	95.77	U	5701	2	0	1	0
3mmy_B	Nup98	100.00	U	405	2	0	1	0
3bg3_A	Pcx	93.87	U	5222	1	0	1	0
3jag_BB	Rps3a1	100.00	N	1729	80	0	0	0
3f81_A	Dusp3	92.90	E	1392	1	0	1	1
1g1e_B	Sin3a	100.00	U	733	2	0	1	0
5a34_B	Aimp2	84.17	U	1539	2	0	1	0
3zfw_A	Klc1	87.83	U	1794	2	0	1	1
1gl2_B	Stx7	90.77	U	467	4	0	1	0
4nom_A	Lgmn	98.64	U	3266	1	0	1	1
3alo_A	Map2k4	97.55	E	2300	2	0	1	0
2kde_A	Psmd4	94.59	U	824	2	0	1	0
1wjw_A	Pgm3	88.39	E	839	1	0	1	0
3d9l_A	Scaf8	93.79	U	1145	2	0	1	0
2dok_A	Smg6	95.70	E	1335	1	0	1	3
3unf_L	Psmb1	100.00	U	1654	14	0	1	0
3jaj_Z	Rpl27	100.00	N	1107	83	0	0	0
2pkg_A	Ppp2r1b	86.38	U	4515	2	0	1	0
4ju5_A	P4hb	92.02	U	1523	1	0	1	4
4a69_A	Hdac3	99.73	U	2971	2	0	1	0
5flm_E	Polr2e	98.10	N	1711	12	0	1	0
2q3e_A	Ugdh	97.86	U	3584	1	0	1	0
1wex_A	Hnrnpll	91.35	U	779	1	0	1	1
2qxv_B	Ezh2	100.00	U	254	2	0	1	0
3jaj_SZ	Rps25	100.00	N	598	83	0	0	0
2kxh_A	Puf60	98.49	E	1538	2	0	1	1
1uw4_A	Upf3b	97.80	E	771	2	0	1	0
4jiz_A	Mob1a	100.00	U	1425	2	0	1	0
2do5_A	Sf3b2	72.41	N	424	1	0	1	0
3jaj_i	Rpl36	100.00	N	832	83	0	0	0
3vlf_B	Psmc2	77.27	N	575	2	0	1	0
2voy_L	Atp2a2	100.00	N	157	12	0	1	0
3jaj_SI	Rps8	100.00	N	1686	83	0	0	0
2o06_A	Srm	94.08	U	2325	1	0	1	0
5a8l_Q	Etf1	100.00	E	3410	5	0	1	0
2vge_A	Ppp1r13l	91.27	E	1592	1	0	1	0
4mgx_A	Flnc	98.38	E	1364	2	0	1	0
4dj2_A	Per1	97.81	U	2105	1	0	1	0
3egd_C	Sec22b	100.00	U	1104	4	0	1	0
4bt9_A	P4ha1	94.98	U	1911	2	0	1	0
4f7o_A	Cops5	100.00	U	1864	1	0	1	0
4x8n_A	Ash2l	95.58	U	1389	2	0	1	2
3wgx_A	Txndc5	85.84	U	873	2	0	1	3
1vyt_A	Cacnb3	99.43	U	2184	2	0	1	0
4jd2_H	Gmfb	80.28	E	1116	8	0	1	1
1fp3_A	Renbp	84.83	N	3265	1	0	1	0
4jpz_C	Calm3	100.00	U	1124	3	0	1	0
1wi8_A	Eif4b	83.65	E	792	1	0	1	1
2eh9_A	Arid1a	74.40	N	884	1	0	1	2
1m4j_A	Twf1	100.00	U	1083	1	0	1	0
4a8x_A	Rnps1	98.86	U	698	3	0	1	0
4n6j_A	Strn4	80.00	E	402	1	0	1	0
1dhf_A	Dhfr	89.78	N	1476	1	0	1	50
2l2o_A	Abracl	83.15	E	673	1	0	1	0
5aj4_AE	Mrps5	84.15	U	2579	83	1	1	0
3aa0_B	Capzb	98.77	U	1916	3	0	1	0
8acn_A	Aco2	96.82	U	5812	1	0	1	14
3wtx_B	Cbfb	100.00	E	1083	3	0	1	0
2f5z_K	Pdhx	79.69	U	301	2	0	1	0
4bvx_A	Mars	85.12	U	1586	2	0	1	0
4lg8_A	Prpf19	93.79	U	2353	1	0	1	0
3une_G	Psma6	100.00	N	1895	14	0	1	0
3lm5_A	Stk17b	83.49	E	2185	1	0	1	1
2wmd_A	Nmral1	84.62	E	2282	1	0	1	3
4hbd_A	Kank2	87.32	U	1849	1	0	1	0
5afu_K	Capza1	96.73	E	2202	22	1	1	0
1w3b_A	Ogt	99.48	N	2887	1	0	1	0
3jua_B	Yap1	100.00	U	311	2	0	1	0
2d4q_A	Nf1	99.61	E	2082	1	0	1	0
3k9o_A	Ube2k	99.50	U	1564	2	0	1	0
4d4z_A	Dohh	84.01	E	2194	1	0	1	1
1qz1_A	Ncam1	91.07	U	2247	1	0	1	2
2ko2_A	Rtn4	83.54	U	539	1	0	1	2
4fzs_A	Snx2	70.98	E	1757	1	0	1	0
5efq_A	Cdk13	99.42	U	2537	2	0	1	0
4pjo_E	Snrpe	100.00	E	638	9	0	1	0
3jsv_C	Ikbkg	100.00	E	697	2	0	1	0
1t2k_D	Atf7	80.33	U	477	3	0	1	1
4hna_B	Tubb2a	99.78	U	3378	4	0	1	0
2v66_B	Nde1	74.77	U	925	1	0	1	0
1pbu_A	Eef1g	97.53	U	1353	1	0	1	0
2ypd_A	Jmjd1c	91.58	U	2581	1	0	1	0
4bkx_A	Mta3	81.82	U	1271	2	0	1	0
2zof_A	Cndp2	99.16	N	3729	1	0	1	0
2ecm_A	Rchy1	76.36	U	402	1	0	1	4
3jaj_A	Rpl8	100.00	N	1868	83	0	0	0
3abv_B	Sdhb	95.24	U	1922	4	0	1	0
2bz8_A	Sh3kbp1	98.28	E	461	2	0	1	0
4d18_D	Cops4	98.54	U	3251	8	0	1	0
4pyu_A	Ubl5	94.74	E	600	2	0	1	0
2mtp_A	Flna	97.89	U	689	3	0	1	1
2nn6_B	Exosc4	94.38	N	1779	9	0	1	0
3qhe_A	Apc	99.41	E	2491	2	0	1	1
4ol0_B	Tnpo3	99.35	U	7160	2	0	1	0
4ndn_E	Mat2b	91.64	U	2448	2	0	1	1
1ni4_A	Pdha1	97.81	N	2824	2	0	1	0
1kbf_A	Ksr1	97.96	E	384	1	0	1	2
2wd5_B	Smc3	100.00	U	1528	2	0	1	0
1kcm_A	Pitpna	100.00	N	2130	1	0	1	0
2go5_2	Srprb	99.07	U	1479	7	0	1	0
2kbx_A	Ilk	100.00	U	1358	2	0	1	0
3thc_A	Glb1	74.92	U	4812	1	0	1	0
1w63_A	Ap1g1	99.19	E	4663	4	0	1	1
1oy3_D	Nfkbib	98.94	U	1652	2	0	1	0
2cqc_A	Tra2a	71.58	E	729	1	0	1	2
4l23_A	Pik3ca	98.69	E	8280	2	0	1	2
3rg0_A	Calr	95.48	U	2332	1	0	1	3
1y74_A	Lin7c	73.68	E	466	2	0	1	1
4b2q_V	Atp5j	83.33	N	542	10	0	1	0
4jeu_A	Stxbp1	97.63	U	4472	2	0	1	0
3jaj_SH	Rps7	100.00	N	1521	83	0	0	0
3knd_A	Gm10184	100.00	U	3260	2	0	1	0
3vhx_B	Kif23	82.50	E	835	2	0	1	0
1f8h_A	Eps15	95.79	U	742	2	0	1	1
3mqi_A	Ebf1	97.92	U	691	1	0	1	1
5a9q_7	Seh1l	96.11	E	1593	10	1	1	0
3sqd_A	Paxip1	90.41	U	1695	2	0	1	0
3wgu_A	Atp1a1	97.24	N	7714	3	0	1	2
3fd6_A	Sephs1	98.98	U	2564	1	0	1	0
1zkc_A	Ppil2	83.25	U	1475	1	0	1	0
2d9k_A	Trafd1	73.33	E	552	1	0	1	0
2m9k_A	Rbpms2	96.77	E	738	1	0	1	0
2gf2_A	Hibadh	92.91	N	2144	1	0	1	0
3bpj_A	Eif3j1	97.50	U	526	1	0	1	0
3jag_P	Rpl17	100.00	N	1242	80	0	0	0
3mk4_B	Pex19	95.00	U	122	2	0	1	0
3uip_B	Sumo1	100.00	E	636	4	0	1	0
3b7s_A	Lta4h	91.72	U	4877	2	0	1	44
3unf_M	Psmb4	100.00	N	1685	14	0	1	0
2aze_A	Tfdp1	90.97	E	1191	3	0	1	0
1s70_A	Ppp1cb	99.09	U	2473	2	0	1	0
2ie6_A	Anxa5	95.91	U	2504	1	0	1	1
3lmn_A	Usp15	98.52	E	1069	1	0	1	2
3kmp_A	Smad5	96.77	E	1007	1	0	1	0
3ui4_A	Pin4	94.06	U	776	1	0	1	4
2dl8_A	Srgap3	73.61	E	549	1	0	1	1
2keo_A	Herc2	78.57	U	720	1	0	1	2
4hpl_A	Bcor	89.92	U	913	2	0	1	0
1whc_A	Ubxn1	82.81	U	459	1	0	1	0
3fpq_A	Wnk1	98.97	E	2180	1	0	1	1
1cte_A	Ctsb	92.52	N	1925	1	0	1	0
2m5o_A	Nfu1	83.51	E	754	1	0	1	2
4ojk_A	Rab11b	99.00	U	1364	2	0	1	0
4edj_A	Gorasp2	98.56	E	1588	1	0	1	2
3teq_A	Stim2	78.22	U	815	1	0	1	1
4riq_A	Dpy30	98.21	E	360	2	0	1	0
2a40_C	Wasf2	100.00	E	178	3	0	1	0
3j96_A	Nsf	98.53	U	5048	5	0	1	0
2yus_A	Smarcc1	84.81	U	604	1	0	1	0
2cw6_A	Hmgcl	88.26	U	2189	1	0	1	0
1kr5_A	Pcmt1	95.13	U	1634	1	0	1	1
2los_A	Tmem14c	77.69	U	816	1	0	1	0
3qe3_A	Sord	84.51	U	2638	1	0	1	0
