1xb2
4jd2
3rep
1xd2
1xd3
4c0o
4ol0
2g45
3e5a
2vrr
4xoi
1tt5
3j1t
2f5z
4l8b
4xxb
1ow3
4cay
1xqs
1xr9
4y72
4qfg
4cfq
4y97
4yc6
4yc7
1u6h
3ryt
2w6h
1uad
2w96
3uip
2wax
2wel
1y8n
1y8r
4zii
2wss
2rfe
1sqp
1mfq
2v1d
3zjy
5a1v
5a5t
4dhx
2kde
5a9q
2dx5
1z2c
2jkr
2xb2
3zni
4dpg
4drj
3t97
2i32
5brm
3tbl
4p5o
3tf7
3tg1
3dw8
2c1m
3tjz
1zoq
1rrp
4imy
1ni4
4eah
3tpm
3tpq
1nsg
1t9g
3u4l
4hsu
3daw
4p3e
4hmy
4pby
4f38
1f3u
3jv6
4pj1
4pju
3um3
3j04
2ass
1fbv
3mjh
3mkr
1onv
2jtt
2jy6
2b2w
3uyo
2k1r
4hre
2k5b
1p22
2k8b
2ka6
2bf8
3n3k
3egd
3egg
1uel
4o27
3vhx
4i6l
3nc1
2brq
2kso
3vri
2l0t
2l2l
2c35
2c7m
1fos
1q5w
4iyp
3fhc
1qew
1qgk
2cly
3lcp
1ul1
3wkt
2lxt
2lz6
3fqn
3fru
3ohm
4rr2
1uw4
4l18
1go4
3zdl
4a55
2xwu
4js0
3gc3
2y3a
3q2s
1h27
1h28
1a9n
1vyh
4u6y
4kbq
4ue5
4kit
4uj5
3h2v
3pwl
4kvg
4uyj
2z59
1i2m
4v0u
4ap2
1wrd
4l79
1ibr
3qq8
2px9
3hqv
4wk4
2pbd
3cqg
2pjh
4wwr
1j2j
4bkx
3aa6
3aaa
2dvw
1jn5
2mqs
2mre
3j2t
4mne
3jsv
3jv4
2dt7
2qme
2nz8
2o25
2e4h
3k9p
2o8a
2o8b
2odg
4nif
1s1q
1dow
1s3s
1s70
4nqk
3kpl
2ot3
1sgh
2roz
2oxq
2rr3
4o2e
3l1z
4gqb
3laq
2fcw
3cqx
2vcp
3lge
1t2k
2fh5
3ln5
3lue
